CRITICAL - 2022-08-19 17:51:50 --> Class "App\Filters\AuthFilter" not found
in SYSTEMPATH\Filters\Filters.php on line 166.
 1 SYSTEMPATH\CodeIgniter.php(431): CodeIgniter\Filters\Filters->run('C:\\', 'before')
 2 SYSTEMPATH\CodeIgniter.php(340): CodeIgniter\CodeIgniter->handleRequest(null, Object(Config\Cache), false)
 3 FCPATH\index.php(67): CodeIgniter\CodeIgniter->run()
 4 SYSTEMPATH\Commands\Server\rewrite.php(43): require_once('FCPATH\\index.php')
CRITICAL - 2022-08-19 23:46:48 --> Xdebug has detected a possible infinite loop, and aborted your script with a stack depth of '256' frames
in SYSTEMPATH\View\View.php on line 379.
 1 SYSTEMPATH\View\View.php(379): ob_start()
 2 APPPATH\Views\home\index.php(3): CodeIgniter\View\View->section('content')
 3 SYSTEMPATH\View\View.php(213): include('APPPATH\\Views\\home\\index.php')
 4 SYSTEMPATH\View\View.php(216): CodeIgniter\View\View->CodeIgniter\View\{closure}()
 5 SYSTEMPATH\View\View.php(229): CodeIgniter\View\View->render('home/index', [], true)
 6 SYSTEMPATH\View\View.php(229): CodeIgniter\View\View->render('home/index', [], true)
 7 SYSTEMPATH\View\View.php(229): CodeIgniter\View\View->render('home/index', [], true)
 8 SYSTEMPATH\View\View.php(229): CodeIgniter\View\View->render('home/index', [], true)
 9 SYSTEMPATH\View\View.php(229): CodeIgniter\View\View->render('home/index', [], true)
10 SYSTEMPATH\View\View.php(229): CodeIgniter\View\View->render('home/index', [], true)
11 SYSTEMPATH\View\View.php(229): CodeIgniter\View\View->render('home/index', [], true)
12 SYSTEMPATH\View\View.php(229): CodeIgniter\View\View->render('home/index', [], true)
13 SYSTEMPATH\View\View.php(229): CodeIgniter\View\View->render('home/index', [], true)
14 SYSTEMPATH\View\View.php(229): CodeIgniter\View\View->render('home/index', [], true)
15 SYSTEMPATH\View\View.php(229): CodeIgniter\View\View->render('home/index', [], true)
16 SYSTEMPATH\View\View.php(229): CodeIgniter\View\View->render('home/index', [], true)
17 SYSTEMPATH\View\View.php(229): CodeIgniter\View\View->render('home/index', [], true)
18 SYSTEMPATH\View\View.php(229): CodeIgniter\View\View->render('home/index', [], true)
19 SYSTEMPATH\View\View.php(229): CodeIgniter\View\View->render('home/index', [], true)
20 SYSTEMPATH\View\View.php(229): CodeIgniter\View\View->render('home/index', [], true)
21 SYSTEMPATH\View\View.php(229): CodeIgniter\View\View->render('home/index', [], true)
22 SYSTEMPATH\View\View.php(229): CodeIgniter\View\View->render('home/index', [], true)
23 SYSTEMPATH\View\View.php(229): CodeIgniter\View\View->render('home/index', [], true)
24 SYSTEMPATH\View\View.php(229): CodeIgniter\View\View->render('home/index', [], true)
25 SYSTEMPATH\View\View.php(229): CodeIgniter\View\View->render('home/index', [], true)
26 SYSTEMPATH\View\View.php(229): CodeIgniter\View\View->render('home/index', [], true)
27 SYSTEMPATH\View\View.php(229): CodeIgniter\View\View->render('home/index', [], true)
28 SYSTEMPATH\View\View.php(229): CodeIgniter\View\View->render('home/index', [], true)
29 SYSTEMPATH\View\View.php(229): CodeIgniter\View\View->render('home/index', [], true)
30 SYSTEMPATH\View\View.php(229): CodeIgniter\View\View->render('home/index', [], true)
31 SYSTEMPATH\View\View.php(229): CodeIgniter\View\View->render('home/index', [], true)
32 SYSTEMPATH\View\View.php(229): CodeIgniter\View\View->render('home/index', [], true)
33 SYSTEMPATH\View\View.php(229): CodeIgniter\View\View->render('home/index', [], true)
34 SYSTEMPATH\View\View.php(229): CodeIgniter\View\View->render('home/index', [], true)
35 SYSTEMPATH\View\View.php(229): CodeIgniter\View\View->render('home/index', [], true)
36 SYSTEMPATH\View\View.php(229): CodeIgniter\View\View->render('home/index', [], true)
37 SYSTEMPATH\View\View.php(229): CodeIgniter\View\View->render('home/index', [], true)
38 SYSTEMPATH\View\View.php(229): CodeIgniter\View\View->render('home/index', [], true)
39 SYSTEMPATH\View\View.php(229): CodeIgniter\View\View->render('home/index', [], true)
40 SYSTEMPATH\View\View.php(229): CodeIgniter\View\View->render('home/index', [], true)
41 SYSTEMPATH\View\View.php(229): CodeIgniter\View\View->render('home/index', [], true)
42 SYSTEMPATH\View\View.php(229): CodeIgniter\View\View->render('home/index', [], true)
43 SYSTEMPATH\View\View.php(229): CodeIgniter\View\View->render('home/index', [], true)
44 SYSTEMPATH\View\View.php(229): CodeIgniter\View\View->render('home/index', [], true)
45 SYSTEMPATH\View\View.php(229): CodeIgniter\View\View->render('home/index', [], true)
46 SYSTEMPATH\View\View.php(229): CodeIgniter\View\View->render('home/index', [], true)
47 SYSTEMPATH\View\View.php(229): CodeIgniter\View\View->render('home/index', [], true)
48 SYSTEMPATH\View\View.php(229): CodeIgniter\View\View->render('home/index', [], true)
49 SYSTEMPATH\View\View.php(229): CodeIgniter\View\View->render('home/index', [], true)
50 SYSTEMPATH\View\View.php(229): CodeIgniter\View\View->render('home/index', [], true)
51 SYSTEMPATH\View\View.php(229): CodeIgniter\View\View->render('home/index', [], true)
52 SYSTEMPATH\View\View.php(229): CodeIgniter\View\View->render('home/index', [], true)
53 SYSTEMPATH\View\View.php(229): CodeIgniter\View\View->render('home/index', [], true)
54 SYSTEMPATH\View\View.php(229): CodeIgniter\View\View->render('home/index', [], true)
55 SYSTEMPATH\View\View.php(229): CodeIgniter\View\View->render('home/index', [], true)
56 SYSTEMPATH\View\View.php(229): CodeIgniter\View\View->render('home/index', [], true)
57 SYSTEMPATH\View\View.php(229): CodeIgniter\View\View->render('home/index', [], true)
58 SYSTEMPATH\View\View.php(229): CodeIgniter\View\View->render('home/index', [], true)
59 SYSTEMPATH\View\View.php(229): CodeIgniter\View\View->render('home/index', [], true)
60 SYSTEMPATH\View\View.php(229): CodeIgniter\View\View->render('home/index', [], true)
61 SYSTEMPATH\View\View.php(229): CodeIgniter\View\View->render('home/index', [], true)
62 SYSTEMPATH\View\View.php(229): CodeIgniter\View\View->render('home/index', [], true)
63 SYSTEMPATH\View\View.php(229): CodeIgniter\View\View->render('home/index', [], true)
64 SYSTEMPATH\View\View.php(229): CodeIgniter\View\View->render('home/index', [], true)
65 SYSTEMPATH\View\View.php(229): CodeIgniter\View\View->render('home/index', [], true)
66 SYSTEMPATH\View\View.php(229): CodeIgniter\View\View->render('home/index', [], true)
67 SYSTEMPATH\View\View.php(229): CodeIgniter\View\View->render('home/index', [], true)
68 SYSTEMPATH\View\View.php(229): CodeIgniter\View\View->render('home/index', [], true)
69 SYSTEMPATH\View\View.php(229): CodeIgniter\View\View->render('home/index', [], true)
70 SYSTEMPATH\View\View.php(229): CodeIgniter\View\View->render('home/index', [], true)
71 SYSTEMPATH\View\View.php(229): CodeIgniter\View\View->render('home/index', [], true)
72 SYSTEMPATH\View\View.php(229): CodeIgniter\View\View->render('home/index', [], true)
73 SYSTEMPATH\View\View.php(229): CodeIgniter\View\View->render('home/index', [], true)
74 SYSTEMPATH\View\View.php(229): CodeIgniter\View\View->render('home/index', [], true)
75 SYSTEMPATH\View\View.php(229): CodeIgniter\View\View->render('home/index', [], true)
76 SYSTEMPATH\View\View.php(229): CodeIgniter\View\View->render('home/index', [], true)
77 SYSTEMPATH\View\View.php(229): CodeIgniter\View\View->render('home/index', [], true)
78 SYSTEMPATH\View\View.php(229): CodeIgniter\View\View->render('home/index', [], true)
79 SYSTEMPATH\View\View.php(229): CodeIgniter\View\View->render('home/index', [], true)
80 SYSTEMPATH\View\View.php(229): CodeIgniter\View\View->render('home/index', [], true)
81 SYSTEMPATH\View\View.php(229): CodeIgniter\View\View->render('home/index', [], true)
82 SYSTEMPATH\View\View.php(229): CodeIgniter\View\View->render('home/index', [], true)
83 SYSTEMPATH\View\View.php(229): CodeIgniter\View\View->render('home/index', [], true)
84 SYSTEMPATH\View\View.php(229): CodeIgniter\View\View->render('home/index', [], true)
85 SYSTEMPATH\View\View.php(229): CodeIgniter\View\View->render('home/index', [], true)
86 SYSTEMPATH\View\View.php(229): CodeIgniter\View\View->render('home/index', [], true)
87 SYSTEMPATH\View\View.php(229): CodeIgniter\View\View->render('home/index', [], true)
88 SYSTEMPATH\View\View.php(229): CodeIgniter\View\View->render('home/index', [], true)
89 SYSTEMPATH\View\View.php(229): CodeIgniter\View\View->render('home/index', [], true)
90 SYSTEMPATH\View\View.php(229): CodeIgniter\View\View->render('home/index', [], true)
91 SYSTEMPATH\View\View.php(229): CodeIgniter\View\View->render('home/index', [], true)
92 SYSTEMPATH\View\View.php(229): CodeIgniter\View\View->render('home/index', [], true)
93 SYSTEMPATH\View\View.php(229): CodeIgniter\View\View->render('home/index', [], true)
94 SYSTEMPATH\View\View.php(229): CodeIgniter\View\View->render('home/index', [], true)
95 SYSTEMPATH\View\View.php(229): CodeIgniter\View\View->render('home/index', [], true)
96 SYSTEMPATH\View\View.php(229): CodeIgniter\View\View->render('home/index', [], true)
97 SYSTEMPATH\View\View.php(229): CodeIgniter\View\View->render('home/index', [], true)
98 SYSTEMPATH\View\View.php(229): CodeIgniter\View\View->render('home/index', [], true)
99 SYSTEMPATH\View\View.php(229): CodeIgniter\View\View->render('home/index', [], true)
100 SYSTEMPATH\View\View.php(229): CodeIgniter\View\View->render('home/index', [], true)
101 SYSTEMPATH\View\View.php(229): CodeIgniter\View\View->render('home/index', [], true)
102 SYSTEMPATH\View\View.php(229): CodeIgniter\View\View->render('home/index', [], true)
103 SYSTEMPATH\View\View.php(229): CodeIgniter\View\View->render('home/index', [], true)
104 SYSTEMPATH\View\View.php(229): CodeIgniter\View\View->render('home/index', [], true)
105 SYSTEMPATH\View\View.php(229): CodeIgniter\View\View->render('home/index', [], true)
106 SYSTEMPATH\View\View.php(229): CodeIgniter\View\View->render('home/index', [], true)
107 SYSTEMPATH\View\View.php(229): CodeIgniter\View\View->render('home/index', [], true)
108 SYSTEMPATH\View\View.php(229): CodeIgniter\View\View->render('home/index', [], true)
109 SYSTEMPATH\View\View.php(229): CodeIgniter\View\View->render('home/index', [], true)
110 SYSTEMPATH\View\View.php(229): CodeIgniter\View\View->render('home/index', [], true)
111 SYSTEMPATH\View\View.php(229): CodeIgniter\View\View->render('home/index', [], true)
112 SYSTEMPATH\View\View.php(229): CodeIgniter\View\View->render('home/index', [], true)
113 SYSTEMPATH\View\View.php(229): CodeIgniter\View\View->render('home/index', [], true)
114 SYSTEMPATH\View\View.php(229): CodeIgniter\View\View->render('home/index', [], true)
115 SYSTEMPATH\View\View.php(229): CodeIgniter\View\View->render('home/index', [], true)
116 SYSTEMPATH\View\View.php(229): CodeIgniter\View\View->render('home/index', [], true)
117 SYSTEMPATH\View\View.php(229): CodeIgniter\View\View->render('home/index', [], true)
118 SYSTEMPATH\View\View.php(229): CodeIgniter\View\View->render('home/index', [], true)
119 SYSTEMPATH\View\View.php(229): CodeIgniter\View\View->render('home/index', [], true)
120 SYSTEMPATH\View\View.php(229): CodeIgniter\View\View->render('home/index', [], true)
121 SYSTEMPATH\View\View.php(229): CodeIgniter\View\View->render('home/index', [], true)
122 SYSTEMPATH\View\View.php(229): CodeIgniter\View\View->render('home/index', [], true)
123 SYSTEMPATH\View\View.php(229): CodeIgniter\View\View->render('home/index', [], true)
124 SYSTEMPATH\View\View.php(229): CodeIgniter\View\View->render('home/index', [], true)
125 SYSTEMPATH\View\View.php(229): CodeIgniter\View\View->render('home/index', [], true)
126 SYSTEMPATH\View\View.php(229): CodeIgniter\View\View->render('home/index', [], true)
127 SYSTEMPATH\View\View.php(229): CodeIgniter\View\View->render('home/index', [], true)
128 SYSTEMPATH\View\View.php(229): CodeIgniter\View\View->render('home/index', [], true)
129 SYSTEMPATH\View\View.php(229): CodeIgniter\View\View->render('home/index', [], true)
130 SYSTEMPATH\View\View.php(229): CodeIgniter\View\View->render('home/index', [], true)
131 SYSTEMPATH\View\View.php(229): CodeIgniter\View\View->render('home/index', [], true)
132 SYSTEMPATH\View\View.php(229): CodeIgniter\View\View->render('home/index', [], true)
133 SYSTEMPATH\View\View.php(229): CodeIgniter\View\View->render('home/index', [], true)
134 SYSTEMPATH\View\View.php(229): CodeIgniter\View\View->render('home/index', [], true)
135 SYSTEMPATH\View\View.php(229): CodeIgniter\View\View->render('home/index', [], true)
136 SYSTEMPATH\View\View.php(229): CodeIgniter\View\View->render('home/index', [], true)
137 SYSTEMPATH\View\View.php(229): CodeIgniter\View\View->render('home/index', [], true)
138 SYSTEMPATH\View\View.php(229): CodeIgniter\View\View->render('home/index', [], true)
139 SYSTEMPATH\View\View.php(229): CodeIgniter\View\View->render('home/index', [], true)
140 SYSTEMPATH\View\View.php(229): CodeIgniter\View\View->render('home/index', [], true)
141 SYSTEMPATH\View\View.php(229): CodeIgniter\View\View->render('home/index', [], true)
142 SYSTEMPATH\View\View.php(229): CodeIgniter\View\View->render('home/index', [], true)
143 SYSTEMPATH\View\View.php(229): CodeIgniter\View\View->render('home/index', [], true)
144 SYSTEMPATH\View\View.php(229): CodeIgniter\View\View->render('home/index', [], true)
145 SYSTEMPATH\View\View.php(229): CodeIgniter\View\View->render('home/index', [], true)
146 SYSTEMPATH\View\View.php(229): CodeIgniter\View\View->render('home/index', [], true)
147 SYSTEMPATH\View\View.php(229): CodeIgniter\View\View->render('home/index', [], true)
148 SYSTEMPATH\View\View.php(229): CodeIgniter\View\View->render('home/index', [], true)
149 SYSTEMPATH\View\View.php(229): CodeIgniter\View\View->render('home/index', [], true)
150 SYSTEMPATH\View\View.php(229): CodeIgniter\View\View->render('home/index', [], true)
151 SYSTEMPATH\View\View.php(229): CodeIgniter\View\View->render('home/index', [], true)
152 SYSTEMPATH\View\View.php(229): CodeIgniter\View\View->render('home/index', [], true)
153 SYSTEMPATH\View\View.php(229): CodeIgniter\View\View->render('home/index', [], true)
154 SYSTEMPATH\View\View.php(229): CodeIgniter\View\View->render('home/index', [], true)
155 SYSTEMPATH\View\View.php(229): CodeIgniter\View\View->render('home/index', [], true)
156 SYSTEMPATH\View\View.php(229): CodeIgniter\View\View->render('home/index', [], true)
157 SYSTEMPATH\View\View.php(229): CodeIgniter\View\View->render('home/index', [], true)
158 SYSTEMPATH\View\View.php(229): CodeIgniter\View\View->render('home/index', [], true)
159 SYSTEMPATH\View\View.php(229): CodeIgniter\View\View->render('home/index', [], true)
160 SYSTEMPATH\View\View.php(229): CodeIgniter\View\View->render('home/index', [], true)
161 SYSTEMPATH\View\View.php(229): CodeIgniter\View\View->render('home/index', [], true)
162 SYSTEMPATH\View\View.php(229): CodeIgniter\View\View->render('home/index', [], true)
163 SYSTEMPATH\View\View.php(229): CodeIgniter\View\View->render('home/index', [], true)
164 SYSTEMPATH\View\View.php(229): CodeIgniter\View\View->render('home/index', [], true)
165 SYSTEMPATH\View\View.php(229): CodeIgniter\View\View->render('home/index', [], true)
166 SYSTEMPATH\View\View.php(229): CodeIgniter\View\View->render('home/index', [], true)
167 SYSTEMPATH\View\View.php(229): CodeIgniter\View\View->render('home/index', [], true)
168 SYSTEMPATH\View\View.php(229): CodeIgniter\View\View->render('home/index', [], true)
169 SYSTEMPATH\View\View.php(229): CodeIgniter\View\View->render('home/index', [], true)
170 SYSTEMPATH\View\View.php(229): CodeIgniter\View\View->render('home/index', [], true)
171 SYSTEMPATH\View\View.php(229): CodeIgniter\View\View->render('home/index', [], true)
172 SYSTEMPATH\View\View.php(229): CodeIgniter\View\View->render('home/index', [], true)
173 SYSTEMPATH\View\View.php(229): CodeIgniter\View\View->render('home/index', [], true)
174 SYSTEMPATH\View\View.php(229): CodeIgniter\View\View->render('home/index', [], true)
175 SYSTEMPATH\View\View.php(229): CodeIgniter\View\View->render('home/index', [], true)
176 SYSTEMPATH\View\View.php(229): CodeIgniter\View\View->render('home/index', [], true)
177 SYSTEMPATH\View\View.php(229): CodeIgniter\View\View->render('home/index', [], true)
178 SYSTEMPATH\View\View.php(229): CodeIgniter\View\View->render('home/index', [], true)
179 SYSTEMPATH\View\View.php(229): CodeIgniter\View\View->render('home/index', [], true)
180 SYSTEMPATH\View\View.php(229): CodeIgniter\View\View->render('home/index', [], true)
181 SYSTEMPATH\View\View.php(229): CodeIgniter\View\View->render('home/index', [], true)
182 SYSTEMPATH\View\View.php(229): CodeIgniter\View\View->render('home/index', [], true)
183 SYSTEMPATH\View\View.php(229): CodeIgniter\View\View->render('home/index', [], true)
184 SYSTEMPATH\View\View.php(229): CodeIgniter\View\View->render('home/index', [], true)
185 SYSTEMPATH\View\View.php(229): CodeIgniter\View\View->render('home/index', [], true)
186 SYSTEMPATH\View\View.php(229): CodeIgniter\View\View->render('home/index', [], true)
187 SYSTEMPATH\View\View.php(229): CodeIgniter\View\View->render('home/index', [], true)
188 SYSTEMPATH\View\View.php(229): CodeIgniter\View\View->render('home/index', [], true)
189 SYSTEMPATH\View\View.php(229): CodeIgniter\View\View->render('home/index', [], true)
190 SYSTEMPATH\View\View.php(229): CodeIgniter\View\View->render('home/index', [], true)
191 SYSTEMPATH\View\View.php(229): CodeIgniter\View\View->render('home/index', [], true)
192 SYSTEMPATH\View\View.php(229): CodeIgniter\View\View->render('home/index', [], true)
193 SYSTEMPATH\View\View.php(229): CodeIgniter\View\View->render('home/index', [], true)
194 SYSTEMPATH\View\View.php(229): CodeIgniter\View\View->render('home/index', [], true)
195 SYSTEMPATH\View\View.php(229): CodeIgniter\View\View->render('home/index', [], true)
196 SYSTEMPATH\View\View.php(229): CodeIgniter\View\View->render('home/index', [], true)
197 SYSTEMPATH\View\View.php(229): CodeIgniter\View\View->render('home/index', [], true)
198 SYSTEMPATH\View\View.php(229): CodeIgniter\View\View->render('home/index', [], true)
199 SYSTEMPATH\View\View.php(229): CodeIgniter\View\View->render('home/index', [], true)
200 SYSTEMPATH\View\View.php(229): CodeIgniter\View\View->render('home/index', [], true)
201 SYSTEMPATH\View\View.php(229): CodeIgniter\View\View->render('home/index', [], true)
202 SYSTEMPATH\View\View.php(229): CodeIgniter\View\View->render('home/index', [], true)
203 SYSTEMPATH\View\View.php(229): CodeIgniter\View\View->render('home/index', [], true)
204 SYSTEMPATH\View\View.php(229): CodeIgniter\View\View->render('home/index', [], true)
205 SYSTEMPATH\View\View.php(229): CodeIgniter\View\View->render('home/index', [], true)
206 SYSTEMPATH\View\View.php(229): CodeIgniter\View\View->render('home/index', [], true)
207 SYSTEMPATH\View\View.php(229): CodeIgniter\View\View->render('home/index', [], true)
208 SYSTEMPATH\View\View.php(229): CodeIgniter\View\View->render('home/index', [], true)
209 SYSTEMPATH\View\View.php(229): CodeIgniter\View\View->render('home/index', [], true)
210 SYSTEMPATH\View\View.php(229): CodeIgniter\View\View->render('home/index', [], true)
211 SYSTEMPATH\View\View.php(229): CodeIgniter\View\View->render('home/index', [], true)
212 SYSTEMPATH\View\View.php(229): CodeIgniter\View\View->render('home/index', [], true)
213 SYSTEMPATH\View\View.php(229): CodeIgniter\View\View->render('home/index', [], true)
214 SYSTEMPATH\View\View.php(229): CodeIgniter\View\View->render('home/index', [], true)
215 SYSTEMPATH\View\View.php(229): CodeIgniter\View\View->render('home/index', [], true)
216 SYSTEMPATH\View\View.php(229): CodeIgniter\View\View->render('home/index', [], true)
217 SYSTEMPATH\View\View.php(229): CodeIgniter\View\View->render('home/index', [], true)
218 SYSTEMPATH\View\View.php(229): CodeIgniter\View\View->render('home/index', [], true)
219 SYSTEMPATH\View\View.php(229): CodeIgniter\View\View->render('home/index', [], true)
220 SYSTEMPATH\View\View.php(229): CodeIgniter\View\View->render('home/index', [], true)
221 SYSTEMPATH\View\View.php(229): CodeIgniter\View\View->render('home/index', [], true)
222 SYSTEMPATH\View\View.php(229): CodeIgniter\View\View->render('home/index', [], true)
223 SYSTEMPATH\View\View.php(229): CodeIgniter\View\View->render('home/index', [], true)
224 SYSTEMPATH\View\View.php(229): CodeIgniter\View\View->render('home/index', [], true)
225 SYSTEMPATH\View\View.php(229): CodeIgniter\View\View->render('home/index', [], true)
226 SYSTEMPATH\View\View.php(229): CodeIgniter\View\View->render('home/index', [], true)
227 SYSTEMPATH\View\View.php(229): CodeIgniter\View\View->render('home/index', [], true)
228 SYSTEMPATH\View\View.php(229): CodeIgniter\View\View->render('home/index', [], true)
229 SYSTEMPATH\View\View.php(229): CodeIgniter\View\View->render('home/index', [], true)
230 SYSTEMPATH\View\View.php(229): CodeIgniter\View\View->render('home/index', [], true)
231 SYSTEMPATH\View\View.php(229): CodeIgniter\View\View->render('home/index', [], true)
232 SYSTEMPATH\View\View.php(229): CodeIgniter\View\View->render('home/index', [], true)
233 SYSTEMPATH\View\View.php(229): CodeIgniter\View\View->render('home/index', [], true)
234 SYSTEMPATH\View\View.php(229): CodeIgniter\View\View->render('home/index', [], true)
235 SYSTEMPATH\View\View.php(229): CodeIgniter\View\View->render('home/index', [], true)
236 SYSTEMPATH\View\View.php(229): CodeIgniter\View\View->render('home/index', [], true)
237 SYSTEMPATH\View\View.php(229): CodeIgniter\View\View->render('home/index', [], true)
238 SYSTEMPATH\View\View.php(229): CodeIgniter\View\View->render('home/index', [], true)
239 SYSTEMPATH\View\View.php(229): CodeIgniter\View\View->render('home/index', [], true)
240 SYSTEMPATH\View\View.php(229): CodeIgniter\View\View->render('home/index', [], true)
241 SYSTEMPATH\View\View.php(229): CodeIgniter\View\View->render('home/index', [], true)
242 SYSTEMPATH\View\View.php(229): CodeIgniter\View\View->render('home/index', [], true)
243 SYSTEMPATH\View\View.php(229): CodeIgniter\View\View->render('home/index', [], true)
244 SYSTEMPATH\View\View.php(229): CodeIgniter\View\View->render('home/index', [], true)
245 SYSTEMPATH\View\View.php(229): CodeIgniter\View\View->render('home/index', [], true)
246 SYSTEMPATH\View\View.php(229): CodeIgniter\View\View->render('home/index', [], true)
247 SYSTEMPATH\View\View.php(229): CodeIgniter\View\View->render('home/index', [], true)
248 SYSTEMPATH\View\View.php(229): CodeIgniter\View\View->render('home/index', [], true)
249 SYSTEMPATH\View\View.php(229): CodeIgniter\View\View->render('home/index', [], true)
250 SYSTEMPATH\Common.php(1137): CodeIgniter\View\View->render('home/index', [], true)
251 APPPATH\Controllers\Home.php(9): view('home/index')
252 SYSTEMPATH\CodeIgniter.php(898): App\Controllers\Home->index()
253 SYSTEMPATH\CodeIgniter.php(457): CodeIgniter\CodeIgniter->runController(Object(App\Controllers\Home))
254 SYSTEMPATH\CodeIgniter.php(340): CodeIgniter\CodeIgniter->handleRequest(null, Object(Config\Cache), false)
255 FCPATH\index.php(67): CodeIgniter\CodeIgniter->run()
256 SYSTEMPATH\Commands\Server\rewrite.php(43): require_once('FCPATH\\index.php')
CRITICAL - 2022-08-19 23:47:49 --> Arquivo inválido: layout/layout.php
in SYSTEMPATH\Exceptions\FrameworkException.php on line 33.
 1 SYSTEMPATH\View\View.php(201): CodeIgniter\Exceptions\FrameworkException::forInvalidFile('layout/layout.php')
 2 SYSTEMPATH\View\View.php(229): CodeIgniter\View\View->render('layout/layout', [], true)
 3 SYSTEMPATH\Common.php(1137): CodeIgniter\View\View->render('home/index', [], true)
 4 APPPATH\Controllers\Home.php(9): view('home/index')
 5 SYSTEMPATH\CodeIgniter.php(898): App\Controllers\Home->index()
 6 SYSTEMPATH\CodeIgniter.php(457): CodeIgniter\CodeIgniter->runController(Object(App\Controllers\Home))
 7 SYSTEMPATH\CodeIgniter.php(340): CodeIgniter\CodeIgniter->handleRequest(null, Object(Config\Cache), false)
 8 FCPATH\index.php(67): CodeIgniter\CodeIgniter->run()
 9 SYSTEMPATH\Commands\Server\rewrite.php(43): require_once('FCPATH\\index.php')
