CRITICAL - 2022-09-07 17:43:14 --> Array to string conversion
in APPPATH\Models\GastoModel.php on line 42.
 1 APPPATH\Models\GastoModel.php(42): CodeIgniter\Debug\Exceptions->errorHandler(2, 'Array to string conversion', 'APPPATH\\Models\\GastoModel.php', 42)
 2 APPPATH\Controllers\Controle.php(14): App\Models\GastoModel->getMesAtual()
 3 SYSTEMPATH\CodeIgniter.php(898): App\Controllers\Controle->index()
 4 SYSTEMPATH\CodeIgniter.php(457): CodeIgniter\CodeIgniter->runController(Object(App\Controllers\Controle))
 5 SYSTEMPATH\CodeIgniter.php(340): CodeIgniter\CodeIgniter->handleRequest(null, Object(Config\Cache), false)
 6 FCPATH\index.php(67): CodeIgniter\CodeIgniter->run()
 7 SYSTEMPATH\Commands\Server\rewrite.php(43): require_once('FCPATH\\index.php')
CRITICAL - 2022-09-07 19:08:30 --> Trying to access array offset on value of type null
in APPPATH\Models\GastoModel.php on line 38.
 1 APPPATH\Models\GastoModel.php(38): CodeIgniter\Debug\Exceptions->errorHandler(2, 'Trying to access array offset on value of type null', 'APPPATH\\Models\\GastoModel.php', 38)
 2 APPPATH\Controllers\Controle.php(14): App\Models\GastoModel->getMesAtual()
 3 SYSTEMPATH\CodeIgniter.php(898): App\Controllers\Controle->index()
 4 SYSTEMPATH\CodeIgniter.php(457): CodeIgniter\CodeIgniter->runController(Object(App\Controllers\Controle))
 5 SYSTEMPATH\CodeIgniter.php(340): CodeIgniter\CodeIgniter->handleRequest(null, Object(Config\Cache), false)
 6 FCPATH\index.php(67): CodeIgniter\CodeIgniter->run()
 7 SYSTEMPATH\Commands\Server\rewrite.php(43): require_once('FCPATH\\index.php')
CRITICAL - 2022-09-07 19:08:55 --> Trying to access array offset on value of type null
in APPPATH\Models\GastoModel.php on line 38.
 1 APPPATH\Models\GastoModel.php(38): CodeIgniter\Debug\Exceptions->errorHandler(2, 'Trying to access array offset on value of type null', 'APPPATH\\Models\\GastoModel.php', 38)
 2 APPPATH\Controllers\Controle.php(14): App\Models\GastoModel->getMesAtual()
 3 SYSTEMPATH\CodeIgniter.php(898): App\Controllers\Controle->index()
 4 SYSTEMPATH\CodeIgniter.php(457): CodeIgniter\CodeIgniter->runController(Object(App\Controllers\Controle))
 5 SYSTEMPATH\CodeIgniter.php(340): CodeIgniter\CodeIgniter->handleRequest(null, Object(Config\Cache), false)
 6 FCPATH\index.php(67): CodeIgniter\CodeIgniter->run()
 7 SYSTEMPATH\Commands\Server\rewrite.php(43): require_once('FCPATH\\index.php')
CRITICAL - 2022-09-07 19:08:58 --> Trying to access array offset on value of type null
in APPPATH\Models\GastoModel.php on line 38.
 1 APPPATH\Models\GastoModel.php(38): CodeIgniter\Debug\Exceptions->errorHandler(2, 'Trying to access array offset on value of type null', 'APPPATH\\Models\\GastoModel.php', 38)
 2 APPPATH\Controllers\Controle.php(14): App\Models\GastoModel->getMesAtual()
 3 SYSTEMPATH\CodeIgniter.php(898): App\Controllers\Controle->index()
 4 SYSTEMPATH\CodeIgniter.php(457): CodeIgniter\CodeIgniter->runController(Object(App\Controllers\Controle))
 5 SYSTEMPATH\CodeIgniter.php(340): CodeIgniter\CodeIgniter->handleRequest(null, Object(Config\Cache), false)
 6 FCPATH\index.php(67): CodeIgniter\CodeIgniter->run()
 7 SYSTEMPATH\Commands\Server\rewrite.php(43): require_once('FCPATH\\index.php')
CRITICAL - 2022-09-07 19:33:49 --> number_format(): Passing null to parameter #1 ($num) of type float is deprecated
in APPPATH\Views\controle\index.php on line 59.
 1 [internal function]: CodeIgniter\Debug\Exceptions->errorHandler(8192, 'number_format(): Passing null to parameter #1 ($num) of type float is deprecated', 'APPPATH\\Views\\controle\\index.php', 59)
 2 APPPATH\Views\controle\index.php(59): number_format(null, 2, ',', 'ROOTPATH\\public')
 3 SYSTEMPATH\View\View.php(213): include('APPPATH\\Views\\controle\\index.php')
 4 SYSTEMPATH\View\View.php(216): CodeIgniter\View\View->CodeIgniter\View\{closure}()
 5 SYSTEMPATH\Common.php(1137): CodeIgniter\View\View->render('controle/index', [], true)
 6 APPPATH\Controllers\Controle.php(18): view('controle/index', [...])
 7 SYSTEMPATH\CodeIgniter.php(898): App\Controllers\Controle->index()
 8 SYSTEMPATH\CodeIgniter.php(457): CodeIgniter\CodeIgniter->runController(Object(App\Controllers\Controle))
 9 SYSTEMPATH\CodeIgniter.php(340): CodeIgniter\CodeIgniter->handleRequest(null, Object(Config\Cache), false)
10 FCPATH\index.php(67): CodeIgniter\CodeIgniter->run()
11 SYSTEMPATH\Commands\Server\rewrite.php(43): require_once('FCPATH\\index.php')
ERROR - 2022-09-07 19:47:08 --> mysqli_sql_exception: Unknown column 'data' in 'where clause' in C:\xampp\htdocs\controle\system\Database\MySQLi\Connection.php:292
Stack trace:
#0 C:\xampp\htdocs\controle\system\Database\MySQLi\Connection.php(292): mysqli->query('SELECT SUM(valo...', 0)
#1 C:\xampp\htdocs\controle\system\Database\BaseConnection.php(693): CodeIgniter\Database\MySQLi\Connection->execute('SELECT SUM(valo...')
#2 C:\xampp\htdocs\controle\system\Database\BaseConnection.php(620): CodeIgniter\Database\BaseConnection->simpleQuery('SELECT SUM(valo...')
#3 C:\xampp\htdocs\controle\system\Database\BaseBuilder.php(1585): CodeIgniter\Database\BaseConnection->query('SELECT SUM(valo...', Array, false)
#4 C:\xampp\htdocs\controle\system\Model.php(249): CodeIgniter\Database\BaseBuilder->get()
#5 C:\xampp\htdocs\controle\system\BaseModel.php(622): CodeIgniter\Model->doFirst()
#6 C:\xampp\htdocs\controle\app\Models\EntradaModel.php(25): CodeIgniter\BaseModel->first()
#7 C:\xampp\htdocs\controle\app\Controllers\Controle.php(18): App\Models\EntradaModel->getEntrada()
#8 C:\xampp\htdocs\controle\system\CodeIgniter.php(898): App\Controllers\Controle->index()
#9 C:\xampp\htdocs\controle\system\CodeIgniter.php(457): CodeIgniter\CodeIgniter->runController(Object(App\Controllers\Controle))
#10 C:\xampp\htdocs\controle\system\CodeIgniter.php(340): CodeIgniter\CodeIgniter->handleRequest(NULL, Object(Config\Cache), false)
#11 C:\xampp\htdocs\controle\public\index.php(67): CodeIgniter\CodeIgniter->run()
#12 C:\xampp\htdocs\controle\system\Commands\Server\rewrite.php(43): require_once('C:\\xampp\\htdocs...')
#13 {main}
CRITICAL - 2022-09-07 19:47:08 --> Unknown column 'data' in 'where clause'
in SYSTEMPATH\Database\MySQLi\Connection.php on line 292.
 1 SYSTEMPATH\Database\MySQLi\Connection.php(292): mysqli->query('SELECT SUM(valor) as valor
FROM `entrada`
WHERE `data` >= \'2022-08-10\'
AND `data` <= \'2022-09-10\'
 LIMIT 1', 0)
 2 SYSTEMPATH\Database\BaseConnection.php(693): CodeIgniter\Database\MySQLi\Connection->execute('SELECT SUM(valor) as valor
FROM `entrada`
WHERE `data` >= \'2022-08-10\'
AND `data` <= \'2022-09-10\'
 LIMIT 1')
 3 SYSTEMPATH\Database\BaseConnection.php(620): CodeIgniter\Database\BaseConnection->simpleQuery('SELECT SUM(valor) as valor
FROM `entrada`
WHERE `data` >= \'2022-08-10\'
AND `data` <= \'2022-09-10\'
 LIMIT 1')
 4 SYSTEMPATH\Database\BaseBuilder.php(1585): CodeIgniter\Database\BaseConnection->query('SELECT SUM(valor) as valor
FROM `entrada`
WHERE `data` >= :data:
AND `data` <= :data.1:
 LIMIT 1', [...], false)
 5 SYSTEMPATH\Model.php(249): CodeIgniter\Database\BaseBuilder->get()
 6 SYSTEMPATH\BaseModel.php(622): CodeIgniter\Model->doFirst()
 7 APPPATH\Models\EntradaModel.php(25): CodeIgniter\BaseModel->first()
 8 APPPATH\Controllers\Controle.php(18): App\Models\EntradaModel->getEntrada()
 9 SYSTEMPATH\CodeIgniter.php(898): App\Controllers\Controle->index()
10 SYSTEMPATH\CodeIgniter.php(457): CodeIgniter\CodeIgniter->runController(Object(App\Controllers\Controle))
11 SYSTEMPATH\CodeIgniter.php(340): CodeIgniter\CodeIgniter->handleRequest(null, Object(Config\Cache), false)
12 FCPATH\index.php(67): CodeIgniter\CodeIgniter->run()
13 SYSTEMPATH\Commands\Server\rewrite.php(43): require_once('FCPATH\\index.php')
CRITICAL - 2022-09-07 19:51:54 --> Unsupported operand types: array - array
in APPPATH\Controllers\Controle.php on line 22.
 1 SYSTEMPATH\CodeIgniter.php(898): App\Controllers\Controle->index()
 2 SYSTEMPATH\CodeIgniter.php(457): CodeIgniter\CodeIgniter->runController(Object(App\Controllers\Controle))
 3 SYSTEMPATH\CodeIgniter.php(340): CodeIgniter\CodeIgniter->handleRequest(null, Object(Config\Cache), false)
 4 FCPATH\index.php(67): CodeIgniter\CodeIgniter->run()
 5 SYSTEMPATH\Commands\Server\rewrite.php(43): require_once('FCPATH\\index.php')
