CRITICAL - 2022-09-03 22:46:49 --> Undefined variable $optionsTipo
in APPPATH\Views\controle\novo.php on line 35.
 1 APPPATH\Views\controle\novo.php(35): CodeIgniter\Debug\Exceptions->errorHandler(2, 'Undefined variable $optionsTipo', 'APPPATH\\Views\\controle\\novo.php', 35)
 2 SYSTEMPATH\View\View.php(213): include('APPPATH\\Views\\controle\\novo.php')
 3 SYSTEMPATH\View\View.php(216): CodeIgniter\View\View->CodeIgniter\View\{closure}()
 4 SYSTEMPATH\Common.php(1137): CodeIgniter\View\View->render('controle/novo', [], true)
 5 APPPATH\Controllers\Entrada.php(30): view('controle/novo', [...])
 6 SYSTEMPATH\CodeIgniter.php(898): App\Controllers\Entrada->create()
 7 SYSTEMPATH\CodeIgniter.php(457): CodeIgniter\CodeIgniter->runController(Object(App\Controllers\Entrada))
 8 SYSTEMPATH\CodeIgniter.php(340): CodeIgniter\CodeIgniter->handleRequest(null, Object(Config\Cache), false)
 9 FCPATH\index.php(67): CodeIgniter\CodeIgniter->run()
10 SYSTEMPATH\Commands\Server\rewrite.php(43): require_once('FCPATH\\index.php')
CRITICAL - 2022-09-03 23:06:22 --> Undefined variable $t
in APPPATH\Views\entrada\index.php on line 42.
 1 APPPATH\Views\entrada\index.php(42): CodeIgniter\Debug\Exceptions->errorHandler(2, 'Undefined variable $t', 'APPPATH\\Views\\entrada\\index.php', 42)
 2 SYSTEMPATH\View\View.php(213): include('APPPATH\\Views\\entrada\\index.php')
 3 SYSTEMPATH\View\View.php(216): CodeIgniter\View\View->CodeIgniter\View\{closure}()
 4 SYSTEMPATH\Common.php(1137): CodeIgniter\View\View->render('entrada/index', [], true)
 5 APPPATH\Controllers\Entrada.php(17): view('entrada/index', [...])
 6 SYSTEMPATH\CodeIgniter.php(898): App\Controllers\Entrada->index()
 7 SYSTEMPATH\CodeIgniter.php(457): CodeIgniter\CodeIgniter->runController(Object(App\Controllers\Entrada))
 8 SYSTEMPATH\CodeIgniter.php(340): CodeIgniter\CodeIgniter->handleRequest(null, Object(Config\Cache), false)
 9 FCPATH\index.php(67): CodeIgniter\CodeIgniter->run()
10 SYSTEMPATH\Commands\Server\rewrite.php(43): require_once('FCPATH\\index.php')
