ERROR - 2022-08-30 22:28:10 --> mysqli_sql_exception: Column 'idGasto' in field list is ambiguous in C:\xampp\htdocs\controle\system\Database\MySQLi\Connection.php:292
Stack trace:
#0 C:\xampp\htdocs\controle\system\Database\MySQLi\Connection.php(292): mysqli->query('SELECT `idGasto...', 0)
#1 C:\xampp\htdocs\controle\system\Database\BaseConnection.php(693): CodeIgniter\Database\MySQLi\Connection->execute('SELECT `idGasto...')
#2 C:\xampp\htdocs\controle\system\Database\BaseConnection.php(620): CodeIgniter\Database\BaseConnection->simpleQuery('SELECT `idGasto...')
#3 C:\xampp\htdocs\controle\system\Database\BaseBuilder.php(1585): CodeIgniter\Database\BaseConnection->query('SELECT `idGasto...', Array, false)
#4 C:\xampp\htdocs\controle\system\Model.php(771): CodeIgniter\Database\BaseBuilder->get()
#5 C:\xampp\htdocs\controle\app\Models\GastoModel.php(27): CodeIgniter\Model->__call('get', Array)
#6 C:\xampp\htdocs\controle\app\Controllers\Controle.php(14): App\Models\GastoModel->getMesAtual()
#7 C:\xampp\htdocs\controle\system\CodeIgniter.php(898): App\Controllers\Controle->index()
#8 C:\xampp\htdocs\controle\system\CodeIgniter.php(457): CodeIgniter\CodeIgniter->runController(Object(App\Controllers\Controle))
#9 C:\xampp\htdocs\controle\system\CodeIgniter.php(340): CodeIgniter\CodeIgniter->handleRequest(NULL, Object(Config\Cache), false)
#10 C:\xampp\htdocs\controle\public\index.php(67): CodeIgniter\CodeIgniter->run()
#11 C:\xampp\htdocs\controle\system\Commands\Server\rewrite.php(43): require_once('C:\\xampp\\htdocs...')
#12 {main}
CRITICAL - 2022-08-30 22:28:10 --> Column 'idGasto' in field list is ambiguous
in SYSTEMPATH\Database\MySQLi\Connection.php on line 292.
 1 SYSTEMPATH\Database\MySQLi\Connection.php(292): mysqli->query('SELECT `idGasto`, `data`, `valor`, `tp`.`descricao` as `tipo`
FROM (`gasto`, `gasto` `g`)
JOIN `tipoGasto` `tp` ON `g`.`idTipoGasto` = `tp`.`idTipoGasto`
WHERE `ativo` = 1', 0)
 2 SYSTEMPATH\Database\BaseConnection.php(693): CodeIgniter\Database\MySQLi\Connection->execute('SELECT `idGasto`, `data`, `valor`, `tp`.`descricao` as `tipo`
FROM (`gasto`, `gasto` `g`)
JOIN `tipoGasto` `tp` ON `g`.`idTipoGasto` = `tp`.`idTipoGasto`
WHERE `ativo` = 1')
 3 SYSTEMPATH\Database\BaseConnection.php(620): CodeIgniter\Database\BaseConnection->simpleQuery('SELECT `idGasto`, `data`, `valor`, `tp`.`descricao` as `tipo`
FROM (`gasto`, `gasto` `g`)
JOIN `tipoGasto` `tp` ON `g`.`idTipoGasto` = `tp`.`idTipoGasto`
WHERE `ativo` = 1')
 4 SYSTEMPATH\Database\BaseBuilder.php(1585): CodeIgniter\Database\BaseConnection->query('SELECT `idGasto`, `data`, `valor`, `tp`.`descricao` as `tipo`
FROM (`gasto`, `gasto` `g`)
JOIN `tipoGasto` `tp` ON `g`.`idTipoGasto` = `tp`.`idTipoGasto`
WHERE `ativo` = :ativo:', [...], false)
 5 SYSTEMPATH\Model.php(771): CodeIgniter\Database\BaseBuilder->get()
 6 APPPATH\Models\GastoModel.php(27): CodeIgniter\Model->__call('get', [])
 7 APPPATH\Controllers\Controle.php(14): App\Models\GastoModel->getMesAtual()
 8 SYSTEMPATH\CodeIgniter.php(898): App\Controllers\Controle->index()
 9 SYSTEMPATH\CodeIgniter.php(457): CodeIgniter\CodeIgniter->runController(Object(App\Controllers\Controle))
10 SYSTEMPATH\CodeIgniter.php(340): CodeIgniter\CodeIgniter->handleRequest(null, Object(Config\Cache), false)
11 FCPATH\index.php(67): CodeIgniter\CodeIgniter->run()
12 SYSTEMPATH\Commands\Server\rewrite.php(43): require_once('FCPATH\\index.php')
ERROR - 2022-08-30 22:28:42 --> mysqli_sql_exception: Column 'ativo' in where clause is ambiguous in C:\xampp\htdocs\controle\system\Database\MySQLi\Connection.php:292
Stack trace:
#0 C:\xampp\htdocs\controle\system\Database\MySQLi\Connection.php(292): mysqli->query('SELECT `g`.`idG...', 0)
#1 C:\xampp\htdocs\controle\system\Database\BaseConnection.php(693): CodeIgniter\Database\MySQLi\Connection->execute('SELECT `g`.`idG...')
#2 C:\xampp\htdocs\controle\system\Database\BaseConnection.php(620): CodeIgniter\Database\BaseConnection->simpleQuery('SELECT `g`.`idG...')
#3 C:\xampp\htdocs\controle\system\Database\BaseBuilder.php(1585): CodeIgniter\Database\BaseConnection->query('SELECT `g`.`idG...', Array, false)
#4 C:\xampp\htdocs\controle\system\Model.php(771): CodeIgniter\Database\BaseBuilder->get()
#5 C:\xampp\htdocs\controle\app\Models\GastoModel.php(27): CodeIgniter\Model->__call('get', Array)
#6 C:\xampp\htdocs\controle\app\Controllers\Controle.php(14): App\Models\GastoModel->getMesAtual()
#7 C:\xampp\htdocs\controle\system\CodeIgniter.php(898): App\Controllers\Controle->index()
#8 C:\xampp\htdocs\controle\system\CodeIgniter.php(457): CodeIgniter\CodeIgniter->runController(Object(App\Controllers\Controle))
#9 C:\xampp\htdocs\controle\system\CodeIgniter.php(340): CodeIgniter\CodeIgniter->handleRequest(NULL, Object(Config\Cache), false)
#10 C:\xampp\htdocs\controle\public\index.php(67): CodeIgniter\CodeIgniter->run()
#11 C:\xampp\htdocs\controle\system\Commands\Server\rewrite.php(43): require_once('C:\\xampp\\htdocs...')
#12 {main}
CRITICAL - 2022-08-30 22:28:42 --> Column 'ativo' in where clause is ambiguous
in SYSTEMPATH\Database\MySQLi\Connection.php on line 292.
 1 SYSTEMPATH\Database\MySQLi\Connection.php(292): mysqli->query('SELECT `g`.`idGasto`, `g`.`data`, `g`.`valor`, `tp`.`descricao` as `tipo`
FROM (`gasto`, `gasto` `g`)
JOIN `tipoGasto` `tp` ON `g`.`idTipoGasto` = `tp`.`idTipoGasto`
WHERE `ativo` = 1', 0)
 2 SYSTEMPATH\Database\BaseConnection.php(693): CodeIgniter\Database\MySQLi\Connection->execute('SELECT `g`.`idGasto`, `g`.`data`, `g`.`valor`, `tp`.`descricao` as `tipo`
FROM (`gasto`, `gasto` `g`)
JOIN `tipoGasto` `tp` ON `g`.`idTipoGasto` = `tp`.`idTipoGasto`
WHERE `ativo` = 1')
 3 SYSTEMPATH\Database\BaseConnection.php(620): CodeIgniter\Database\BaseConnection->simpleQuery('SELECT `g`.`idGasto`, `g`.`data`, `g`.`valor`, `tp`.`descricao` as `tipo`
FROM (`gasto`, `gasto` `g`)
JOIN `tipoGasto` `tp` ON `g`.`idTipoGasto` = `tp`.`idTipoGasto`
WHERE `ativo` = 1')
 4 SYSTEMPATH\Database\BaseBuilder.php(1585): CodeIgniter\Database\BaseConnection->query('SELECT `g`.`idGasto`, `g`.`data`, `g`.`valor`, `tp`.`descricao` as `tipo`
FROM (`gasto`, `gasto` `g`)
JOIN `tipoGasto` `tp` ON `g`.`idTipoGasto` = `tp`.`idTipoGasto`
WHERE `ativo` = :ativo:', [...], false)
 5 SYSTEMPATH\Model.php(771): CodeIgniter\Database\BaseBuilder->get()
 6 APPPATH\Models\GastoModel.php(27): CodeIgniter\Model->__call('get', [])
 7 APPPATH\Controllers\Controle.php(14): App\Models\GastoModel->getMesAtual()
 8 SYSTEMPATH\CodeIgniter.php(898): App\Controllers\Controle->index()
 9 SYSTEMPATH\CodeIgniter.php(457): CodeIgniter\CodeIgniter->runController(Object(App\Controllers\Controle))
10 SYSTEMPATH\CodeIgniter.php(340): CodeIgniter\CodeIgniter->handleRequest(null, Object(Config\Cache), false)
11 FCPATH\index.php(67): CodeIgniter\CodeIgniter->run()
12 SYSTEMPATH\Commands\Server\rewrite.php(43): require_once('FCPATH\\index.php')
CRITICAL - 2022-08-30 22:28:51 --> syntax error, unexpected end of file
in APPPATH\Views\controle\index.php on line 104.
 1 SYSTEMPATH\View\View.php(216): CodeIgniter\View\View->CodeIgniter\View\{closure}()
 2 SYSTEMPATH\Common.php(1137): CodeIgniter\View\View->render('controle/index', [], true)
 3 APPPATH\Controllers\Controle.php(17): view('controle/index', [...])
 4 SYSTEMPATH\CodeIgniter.php(898): App\Controllers\Controle->index()
 5 SYSTEMPATH\CodeIgniter.php(457): CodeIgniter\CodeIgniter->runController(Object(App\Controllers\Controle))
 6 SYSTEMPATH\CodeIgniter.php(340): CodeIgniter\CodeIgniter->handleRequest(null, Object(Config\Cache), false)
 7 FCPATH\index.php(67): CodeIgniter\CodeIgniter->run()
 8 SYSTEMPATH\Commands\Server\rewrite.php(43): require_once('FCPATH\\index.php')
CRITICAL - 2022-08-30 22:29:30 --> Undefined property: stdClass::$descricao
in APPPATH\Views\controle\index.php on line 39.
 1 APPPATH\Views\controle\index.php(39): CodeIgniter\Debug\Exceptions->errorHandler(2, 'Undefined property: stdClass::$descricao', 'APPPATH\\Views\\controle\\index.php', 39)
 2 SYSTEMPATH\View\View.php(213): include('APPPATH\\Views\\controle\\index.php')
 3 SYSTEMPATH\View\View.php(216): CodeIgniter\View\View->CodeIgniter\View\{closure}()
 4 SYSTEMPATH\Common.php(1137): CodeIgniter\View\View->render('controle/index', [], true)
 5 APPPATH\Controllers\Controle.php(17): view('controle/index', [...])
 6 SYSTEMPATH\CodeIgniter.php(898): App\Controllers\Controle->index()
 7 SYSTEMPATH\CodeIgniter.php(457): CodeIgniter\CodeIgniter->runController(Object(App\Controllers\Controle))
 8 SYSTEMPATH\CodeIgniter.php(340): CodeIgniter\CodeIgniter->handleRequest(null, Object(Config\Cache), false)
 9 FCPATH\index.php(67): CodeIgniter\CodeIgniter->run()
10 SYSTEMPATH\Commands\Server\rewrite.php(43): require_once('FCPATH\\index.php')
CRITICAL - 2022-08-30 22:42:26 --> Call to undefined method App\Models\GastoModel::getResult
in SYSTEMPATH\Model.php on line 773.
 1 APPPATH\Models\GastoModel.php(27): CodeIgniter\Model->__call('getResult', [])
 2 APPPATH\Controllers\Controle.php(14): App\Models\GastoModel->getMesAtual()
 3 SYSTEMPATH\CodeIgniter.php(898): App\Controllers\Controle->index()
 4 SYSTEMPATH\CodeIgniter.php(457): CodeIgniter\CodeIgniter->runController(Object(App\Controllers\Controle))
 5 SYSTEMPATH\CodeIgniter.php(340): CodeIgniter\CodeIgniter->handleRequest(null, Object(Config\Cache), false)
 6 FCPATH\index.php(67): CodeIgniter\CodeIgniter->run()
 7 SYSTEMPATH\Commands\Server\rewrite.php(43): require_once('FCPATH\\index.php')
CRITICAL - 2022-08-30 22:42:43 --> Undefined property: mysqli::$data
in APPPATH\Views\controle\index.php on line 37.
 1 APPPATH\Views\controle\index.php(37): CodeIgniter\Debug\Exceptions->errorHandler(2, 'Undefined property: mysqli::$data', 'APPPATH\\Views\\controle\\index.php', 37)
 2 SYSTEMPATH\View\View.php(213): include('APPPATH\\Views\\controle\\index.php')
 3 SYSTEMPATH\View\View.php(216): CodeIgniter\View\View->CodeIgniter\View\{closure}()
 4 SYSTEMPATH\Common.php(1137): CodeIgniter\View\View->render('controle/index', [], true)
 5 APPPATH\Controllers\Controle.php(17): view('controle/index', [...])
 6 SYSTEMPATH\CodeIgniter.php(898): App\Controllers\Controle->index()
 7 SYSTEMPATH\CodeIgniter.php(457): CodeIgniter\CodeIgniter->runController(Object(App\Controllers\Controle))
 8 SYSTEMPATH\CodeIgniter.php(340): CodeIgniter\CodeIgniter->handleRequest(null, Object(Config\Cache), false)
 9 FCPATH\index.php(67): CodeIgniter\CodeIgniter->run()
10 SYSTEMPATH\Commands\Server\rewrite.php(43): require_once('FCPATH\\index.php')
CRITICAL - 2022-08-30 22:43:13 --> Cannot use object of type mysqli as array
in APPPATH\Views\controle\index.php on line 37.
 1 SYSTEMPATH\View\View.php(213): include()
 2 SYSTEMPATH\View\View.php(216): CodeIgniter\View\View->CodeIgniter\View\{closure}()
 3 SYSTEMPATH\Common.php(1137): CodeIgniter\View\View->render('controle/index', [], true)
 4 APPPATH\Controllers\Controle.php(17): view('controle/index', [...])
 5 SYSTEMPATH\CodeIgniter.php(898): App\Controllers\Controle->index()
 6 SYSTEMPATH\CodeIgniter.php(457): CodeIgniter\CodeIgniter->runController(Object(App\Controllers\Controle))
 7 SYSTEMPATH\CodeIgniter.php(340): CodeIgniter\CodeIgniter->handleRequest(null, Object(Config\Cache), false)
 8 FCPATH\index.php(67): CodeIgniter\CodeIgniter->run()
 9 SYSTEMPATH\Commands\Server\rewrite.php(43): require_once('FCPATH\\index.php')
CRITICAL - 2022-08-30 22:48:23 --> Call to undefined method CodeIgniter\Database\MySQLi\Result::list_fields()
in APPPATH\Models\GastoModel.php on line 31.
 1 APPPATH\Controllers\Controle.php(14): App\Models\GastoModel->getMesAtual()
 2 SYSTEMPATH\CodeIgniter.php(898): App\Controllers\Controle->index()
 3 SYSTEMPATH\CodeIgniter.php(457): CodeIgniter\CodeIgniter->runController(Object(App\Controllers\Controle))
 4 SYSTEMPATH\CodeIgniter.php(340): CodeIgniter\CodeIgniter->handleRequest(null, Object(Config\Cache), false)
 5 FCPATH\index.php(67): CodeIgniter\CodeIgniter->run()
 6 SYSTEMPATH\Commands\Server\rewrite.php(43): require_once('FCPATH\\index.php')
CRITICAL - 2022-08-30 22:49:16 --> Call to undefined method CodeIgniter\Database\MySQLi\Result::list_fields()
in APPPATH\Models\GastoModel.php on line 33.
 1 APPPATH\Controllers\Controle.php(14): App\Models\GastoModel->getMesAtual()
 2 SYSTEMPATH\CodeIgniter.php(898): App\Controllers\Controle->index()
 3 SYSTEMPATH\CodeIgniter.php(457): CodeIgniter\CodeIgniter->runController(Object(App\Controllers\Controle))
 4 SYSTEMPATH\CodeIgniter.php(340): CodeIgniter\CodeIgniter->handleRequest(null, Object(Config\Cache), false)
 5 FCPATH\index.php(67): CodeIgniter\CodeIgniter->run()
 6 SYSTEMPATH\Commands\Server\rewrite.php(43): require_once('FCPATH\\index.php')
CRITICAL - 2022-08-30 22:51:11 --> Undefined property: mysqli::$data
in APPPATH\Views\controle\index.php on line 37.
 1 APPPATH\Views\controle\index.php(37): CodeIgniter\Debug\Exceptions->errorHandler(2, 'Undefined property: mysqli::$data', 'APPPATH\\Views\\controle\\index.php', 37)
 2 SYSTEMPATH\View\View.php(213): include('APPPATH\\Views\\controle\\index.php')
 3 SYSTEMPATH\View\View.php(216): CodeIgniter\View\View->CodeIgniter\View\{closure}()
 4 SYSTEMPATH\Common.php(1137): CodeIgniter\View\View->render('controle/index', [], true)
 5 APPPATH\Controllers\Controle.php(17): view('controle/index', [...])
 6 SYSTEMPATH\CodeIgniter.php(898): App\Controllers\Controle->index()
 7 SYSTEMPATH\CodeIgniter.php(457): CodeIgniter\CodeIgniter->runController(Object(App\Controllers\Controle))
 8 SYSTEMPATH\CodeIgniter.php(340): CodeIgniter\CodeIgniter->handleRequest(null, Object(Config\Cache), false)
 9 FCPATH\index.php(67): CodeIgniter\CodeIgniter->run()
10 SYSTEMPATH\Commands\Server\rewrite.php(43): require_once('FCPATH\\index.php')
CRITICAL - 2022-08-30 22:53:56 --> Call to undefined method CodeIgniter\Database\MySQLi\Result::get()
in APPPATH\Models\GastoModel.php on line 31.
 1 APPPATH\Controllers\Controle.php(14): App\Models\GastoModel->getMesAtual()
 2 SYSTEMPATH\CodeIgniter.php(898): App\Controllers\Controle->index()
 3 SYSTEMPATH\CodeIgniter.php(457): CodeIgniter\CodeIgniter->runController(Object(App\Controllers\Controle))
 4 SYSTEMPATH\CodeIgniter.php(340): CodeIgniter\CodeIgniter->handleRequest(null, Object(Config\Cache), false)
 5 FCPATH\index.php(67): CodeIgniter\CodeIgniter->run()
 6 SYSTEMPATH\Commands\Server\rewrite.php(43): require_once('FCPATH\\index.php')
CRITICAL - 2022-08-30 22:55:28 --> Undefined property: mysqli::$data
in APPPATH\Views\controle\index.php on line 37.
 1 APPPATH\Views\controle\index.php(37): CodeIgniter\Debug\Exceptions->errorHandler(2, 'Undefined property: mysqli::$data', 'APPPATH\\Views\\controle\\index.php', 37)
 2 SYSTEMPATH\View\View.php(213): include('APPPATH\\Views\\controle\\index.php')
 3 SYSTEMPATH\View\View.php(216): CodeIgniter\View\View->CodeIgniter\View\{closure}()
 4 SYSTEMPATH\Common.php(1137): CodeIgniter\View\View->render('controle/index', [], true)
 5 APPPATH\Controllers\Controle.php(17): view('controle/index', [...])
 6 SYSTEMPATH\CodeIgniter.php(898): App\Controllers\Controle->index()
 7 SYSTEMPATH\CodeIgniter.php(457): CodeIgniter\CodeIgniter->runController(Object(App\Controllers\Controle))
 8 SYSTEMPATH\CodeIgniter.php(340): CodeIgniter\CodeIgniter->handleRequest(null, Object(Config\Cache), false)
 9 FCPATH\index.php(67): CodeIgniter\CodeIgniter->run()
10 SYSTEMPATH\Commands\Server\rewrite.php(43): require_once('FCPATH\\index.php')
