CRITICAL - 2022-09-01 15:26:01 --> Call to a member function format() on string
in APPPATH\Views\controle\index.php on line 37.
 1 SYSTEMPATH\View\View.php(213): include()
 2 SYSTEMPATH\View\View.php(216): CodeIgniter\View\View->CodeIgniter\View\{closure}()
 3 SYSTEMPATH\Common.php(1137): CodeIgniter\View\View->render('controle/index', [], true)
 4 APPPATH\Controllers\Controle.php(17): view('controle/index', [...])
 5 SYSTEMPATH\CodeIgniter.php(898): App\Controllers\Controle->index()
 6 SYSTEMPATH\CodeIgniter.php(457): CodeIgniter\CodeIgniter->runController(Object(App\Controllers\Controle))
 7 SYSTEMPATH\CodeIgniter.php(340): CodeIgniter\CodeIgniter->handleRequest(null, Object(Config\Cache), false)
 8 FCPATH\index.php(67): CodeIgniter\CodeIgniter->run()
 9 SYSTEMPATH\Commands\Server\rewrite.php(43): require_once('FCPATH\\index.php')
CRITICAL - 2022-09-01 18:15:54 --> Não há dados para update.
in SYSTEMPATH\BaseModel.php on line 846.
 1 SYSTEMPATH\BaseModel.php(846): CodeIgniter\Database\Exceptions\DataException::forEmptyDataset('update')
 2 SYSTEMPATH\Model.php(692): CodeIgniter\BaseModel->update([...], [])
 3 APPPATH\Models\TipoGastoModel.php(40): CodeIgniter\Model->update([...], [...])
 4 APPPATH\Controllers\TipoGasto.php(58): App\Models\TipoGastoModel->remove('7')
 5 SYSTEMPATH\CodeIgniter.php(898): App\Controllers\TipoGasto->remove('7')
 6 SYSTEMPATH\CodeIgniter.php(457): CodeIgniter\CodeIgniter->runController(Object(App\Controllers\TipoGasto))
 7 SYSTEMPATH\CodeIgniter.php(340): CodeIgniter\CodeIgniter->handleRequest(null, Object(Config\Cache), false)
 8 FCPATH\index.php(67): CodeIgniter\CodeIgniter->run()
 9 SYSTEMPATH\Commands\Server\rewrite.php(43): require_once('FCPATH\\index.php')
CRITICAL - 2022-09-01 18:19:51 --> Não há dados para update.
in SYSTEMPATH\BaseModel.php on line 1577.
 1 SYSTEMPATH\BaseModel.php(1577): CodeIgniter\Database\Exceptions\DataException::forEmptyDataset('update')
 2 SYSTEMPATH\BaseModel.php(832): CodeIgniter\BaseModel->transformDataToArray(null, 'update')
 3 SYSTEMPATH\Model.php(692): CodeIgniter\BaseModel->update([...], null)
 4 APPPATH\Models\TipoGastoModel.php(40): CodeIgniter\Model->update([...])
 5 APPPATH\Controllers\TipoGasto.php(58): App\Models\TipoGastoModel->remove('7')
 6 SYSTEMPATH\CodeIgniter.php(898): App\Controllers\TipoGasto->remove('7')
 7 SYSTEMPATH\CodeIgniter.php(457): CodeIgniter\CodeIgniter->runController(Object(App\Controllers\TipoGasto))
 8 SYSTEMPATH\CodeIgniter.php(340): CodeIgniter\CodeIgniter->handleRequest(null, Object(Config\Cache), false)
 9 FCPATH\index.php(67): CodeIgniter\CodeIgniter->run()
10 SYSTEMPATH\Commands\Server\rewrite.php(43): require_once('FCPATH\\index.php')
CRITICAL - 2022-09-01 18:25:59 --> Não há dados para update.
in SYSTEMPATH\BaseModel.php on line 1577.
 1 SYSTEMPATH\BaseModel.php(1577): CodeIgniter\Database\Exceptions\DataException::forEmptyDataset('update')
 2 SYSTEMPATH\BaseModel.php(832): CodeIgniter\BaseModel->transformDataToArray(null, 'update')
 3 SYSTEMPATH\Model.php(692): CodeIgniter\BaseModel->update([...], null)
 4 APPPATH\Models\TipoGastoModel.php(40): CodeIgniter\Model->update([...])
 5 APPPATH\Controllers\TipoGasto.php(58): App\Models\TipoGastoModel->remove('7')
 6 SYSTEMPATH\CodeIgniter.php(898): App\Controllers\TipoGasto->remove('7')
 7 SYSTEMPATH\CodeIgniter.php(457): CodeIgniter\CodeIgniter->runController(Object(App\Controllers\TipoGasto))
 8 SYSTEMPATH\CodeIgniter.php(340): CodeIgniter\CodeIgniter->handleRequest(null, Object(Config\Cache), false)
 9 FCPATH\index.php(67): CodeIgniter\CodeIgniter->run()
10 SYSTEMPATH\Commands\Server\rewrite.php(43): require_once('FCPATH\\index.php')
CRITICAL - 2022-09-01 18:27:45 --> Não há dados para update.
in SYSTEMPATH\BaseModel.php on line 846.
 1 SYSTEMPATH\BaseModel.php(846): CodeIgniter\Database\Exceptions\DataException::forEmptyDataset('update')
 2 SYSTEMPATH\Model.php(692): CodeIgniter\BaseModel->update(null, [])
 3 APPPATH\Models\TipoGastoModel.php(40): CodeIgniter\Model->update()
 4 APPPATH\Controllers\TipoGasto.php(58): App\Models\TipoGastoModel->remove('7')
 5 SYSTEMPATH\CodeIgniter.php(898): App\Controllers\TipoGasto->remove('7')
 6 SYSTEMPATH\CodeIgniter.php(457): CodeIgniter\CodeIgniter->runController(Object(App\Controllers\TipoGasto))
 7 SYSTEMPATH\CodeIgniter.php(340): CodeIgniter\CodeIgniter->handleRequest(null, Object(Config\Cache), false)
 8 FCPATH\index.php(67): CodeIgniter\CodeIgniter->run()
 9 SYSTEMPATH\Commands\Server\rewrite.php(43): require_once('FCPATH\\index.php')
CRITICAL - 2022-09-01 18:30:25 --> Não há dados para update.
in SYSTEMPATH\BaseModel.php on line 846.
 1 SYSTEMPATH\BaseModel.php(846): CodeIgniter\Database\Exceptions\DataException::forEmptyDataset('update')
 2 SYSTEMPATH\Model.php(692): CodeIgniter\BaseModel->update(null, [])
 3 APPPATH\Models\TipoGastoModel.php(40): CodeIgniter\Model->update()
 4 APPPATH\Controllers\TipoGasto.php(58): App\Models\TipoGastoModel->remove('7')
 5 SYSTEMPATH\CodeIgniter.php(898): App\Controllers\TipoGasto->remove('7')
 6 SYSTEMPATH\CodeIgniter.php(457): CodeIgniter\CodeIgniter->runController(Object(App\Controllers\TipoGasto))
 7 SYSTEMPATH\CodeIgniter.php(340): CodeIgniter\CodeIgniter->handleRequest(null, Object(Config\Cache), false)
 8 FCPATH\index.php(67): CodeIgniter\CodeIgniter->run()
 9 SYSTEMPATH\Commands\Server\rewrite.php(43): require_once('FCPATH\\index.php')
CRITICAL - 2022-09-01 18:30:31 --> Não há dados para update.
in SYSTEMPATH\BaseModel.php on line 846.
 1 SYSTEMPATH\BaseModel.php(846): CodeIgniter\Database\Exceptions\DataException::forEmptyDataset('update')
 2 SYSTEMPATH\Model.php(692): CodeIgniter\BaseModel->update(null, [])
 3 APPPATH\Models\TipoGastoModel.php(40): CodeIgniter\Model->update()
 4 APPPATH\Controllers\TipoGasto.php(58): App\Models\TipoGastoModel->remove('7')
 5 SYSTEMPATH\CodeIgniter.php(898): App\Controllers\TipoGasto->remove('7')
 6 SYSTEMPATH\CodeIgniter.php(457): CodeIgniter\CodeIgniter->runController(Object(App\Controllers\TipoGasto))
 7 SYSTEMPATH\CodeIgniter.php(340): CodeIgniter\CodeIgniter->handleRequest(null, Object(Config\Cache), false)
 8 FCPATH\index.php(67): CodeIgniter\CodeIgniter->run()
 9 SYSTEMPATH\Commands\Server\rewrite.php(43): require_once('FCPATH\\index.php')
CRITICAL - 2022-09-01 18:33:00 --> Não há dados para update.
in SYSTEMPATH\BaseModel.php on line 846.
 1 SYSTEMPATH\BaseModel.php(846): CodeIgniter\Database\Exceptions\DataException::forEmptyDataset('update')
 2 SYSTEMPATH\Model.php(692): CodeIgniter\BaseModel->update([...], [])
 3 APPPATH\Models\TipoGastoModel.php(40): CodeIgniter\Model->update('7', [...])
 4 APPPATH\Controllers\TipoGasto.php(58): App\Models\TipoGastoModel->remove('7')
 5 SYSTEMPATH\CodeIgniter.php(898): App\Controllers\TipoGasto->remove('7')
 6 SYSTEMPATH\CodeIgniter.php(457): CodeIgniter\CodeIgniter->runController(Object(App\Controllers\TipoGasto))
 7 SYSTEMPATH\CodeIgniter.php(340): CodeIgniter\CodeIgniter->handleRequest(null, Object(Config\Cache), false)
 8 FCPATH\index.php(67): CodeIgniter\CodeIgniter->run()
 9 SYSTEMPATH\Commands\Server\rewrite.php(43): require_once('FCPATH\\index.php')
CRITICAL - 2022-09-01 18:43:17 --> Object of class App\Models\GastoModel could not be converted to string
in APPPATH\Views\controle\index.php on line 47.
 1 SYSTEMPATH\View\View.php(213): include()
 2 SYSTEMPATH\View\View.php(216): CodeIgniter\View\View->CodeIgniter\View\{closure}()
 3 SYSTEMPATH\Common.php(1137): CodeIgniter\View\View->render('controle/index', [], true)
 4 APPPATH\Controllers\Controle.php(18): view('controle/index', [...])
 5 SYSTEMPATH\CodeIgniter.php(898): App\Controllers\Controle->index()
 6 SYSTEMPATH\CodeIgniter.php(457): CodeIgniter\CodeIgniter->runController(Object(App\Controllers\Controle))
 7 SYSTEMPATH\CodeIgniter.php(340): CodeIgniter\CodeIgniter->handleRequest(null, Object(Config\Cache), false)
 8 FCPATH\index.php(67): CodeIgniter\CodeIgniter->run()
 9 SYSTEMPATH\Commands\Server\rewrite.php(43): require_once('FCPATH\\index.php')
CRITICAL - 2022-09-01 18:46:42 --> Call to undefined method App\Models\GastoModel::getResult
in SYSTEMPATH\Model.php on line 773.
 1 APPPATH\Models\GastoModel.php(37): CodeIgniter\Model->__call('getResult', [])
 2 APPPATH\Controllers\Controle.php(15): App\Models\GastoModel->somaValor()
 3 SYSTEMPATH\CodeIgniter.php(898): App\Controllers\Controle->index()
 4 SYSTEMPATH\CodeIgniter.php(457): CodeIgniter\CodeIgniter->runController(Object(App\Controllers\Controle))
 5 SYSTEMPATH\CodeIgniter.php(340): CodeIgniter\CodeIgniter->handleRequest(null, Object(Config\Cache), false)
 6 FCPATH\index.php(67): CodeIgniter\CodeIgniter->run()
 7 SYSTEMPATH\Commands\Server\rewrite.php(43): require_once('FCPATH\\index.php')
CRITICAL - 2022-09-01 18:50:12 --> Array to string conversion
in APPPATH\Views\controle\index.php on line 47.
 1 APPPATH\Views\controle\index.php(47): CodeIgniter\Debug\Exceptions->errorHandler(2, 'Array to string conversion', 'APPPATH\\Views\\controle\\index.php', 47)
 2 SYSTEMPATH\View\View.php(213): include('APPPATH\\Views\\controle\\index.php')
 3 SYSTEMPATH\View\View.php(216): CodeIgniter\View\View->CodeIgniter\View\{closure}()
 4 SYSTEMPATH\Common.php(1137): CodeIgniter\View\View->render('controle/index', [], true)
 5 APPPATH\Controllers\Controle.php(18): view('controle/index', [...])
 6 SYSTEMPATH\CodeIgniter.php(898): App\Controllers\Controle->index()
 7 SYSTEMPATH\CodeIgniter.php(457): CodeIgniter\CodeIgniter->runController(Object(App\Controllers\Controle))
 8 SYSTEMPATH\CodeIgniter.php(340): CodeIgniter\CodeIgniter->handleRequest(null, Object(Config\Cache), false)
 9 FCPATH\index.php(67): CodeIgniter\CodeIgniter->run()
10 SYSTEMPATH\Commands\Server\rewrite.php(43): require_once('FCPATH\\index.php')
CRITICAL - 2022-09-01 18:50:25 --> Attempt to read property "total" on array
in APPPATH\Views\controle\index.php on line 47.
 1 APPPATH\Views\controle\index.php(47): CodeIgniter\Debug\Exceptions->errorHandler(2, 'Attempt to read property "total" on array', 'APPPATH\\Views\\controle\\index.php', 47)
 2 SYSTEMPATH\View\View.php(213): include('APPPATH\\Views\\controle\\index.php')
 3 SYSTEMPATH\View\View.php(216): CodeIgniter\View\View->CodeIgniter\View\{closure}()
 4 SYSTEMPATH\Common.php(1137): CodeIgniter\View\View->render('controle/index', [], true)
 5 APPPATH\Controllers\Controle.php(18): view('controle/index', [...])
 6 SYSTEMPATH\CodeIgniter.php(898): App\Controllers\Controle->index()
 7 SYSTEMPATH\CodeIgniter.php(457): CodeIgniter\CodeIgniter->runController(Object(App\Controllers\Controle))
 8 SYSTEMPATH\CodeIgniter.php(340): CodeIgniter\CodeIgniter->handleRequest(null, Object(Config\Cache), false)
 9 FCPATH\index.php(67): CodeIgniter\CodeIgniter->run()
10 SYSTEMPATH\Commands\Server\rewrite.php(43): require_once('FCPATH\\index.php')
CRITICAL - 2022-09-01 18:50:45 --> Undefined array key "total"
in APPPATH\Views\controle\index.php on line 47.
 1 APPPATH\Views\controle\index.php(47): CodeIgniter\Debug\Exceptions->errorHandler(2, 'Undefined array key "total"', 'APPPATH\\Views\\controle\\index.php', 47)
 2 SYSTEMPATH\View\View.php(213): include('APPPATH\\Views\\controle\\index.php')
 3 SYSTEMPATH\View\View.php(216): CodeIgniter\View\View->CodeIgniter\View\{closure}()
 4 SYSTEMPATH\Common.php(1137): CodeIgniter\View\View->render('controle/index', [], true)
 5 APPPATH\Controllers\Controle.php(18): view('controle/index', [...])
 6 SYSTEMPATH\CodeIgniter.php(898): App\Controllers\Controle->index()
 7 SYSTEMPATH\CodeIgniter.php(457): CodeIgniter\CodeIgniter->runController(Object(App\Controllers\Controle))
 8 SYSTEMPATH\CodeIgniter.php(340): CodeIgniter\CodeIgniter->handleRequest(null, Object(Config\Cache), false)
 9 FCPATH\index.php(67): CodeIgniter\CodeIgniter->run()
10 SYSTEMPATH\Commands\Server\rewrite.php(43): require_once('FCPATH\\index.php')
CRITICAL - 2022-09-01 18:51:56 --> Cannot use object of type CodeIgniter\Database\MySQLi\Result as array
in APPPATH\Views\controle\index.php on line 47.
 1 SYSTEMPATH\View\View.php(213): include()
 2 SYSTEMPATH\View\View.php(216): CodeIgniter\View\View->CodeIgniter\View\{closure}()
 3 SYSTEMPATH\Common.php(1137): CodeIgniter\View\View->render('controle/index', [], true)
 4 APPPATH\Controllers\Controle.php(18): view('controle/index', [...])
 5 SYSTEMPATH\CodeIgniter.php(898): App\Controllers\Controle->index()
 6 SYSTEMPATH\CodeIgniter.php(457): CodeIgniter\CodeIgniter->runController(Object(App\Controllers\Controle))
 7 SYSTEMPATH\CodeIgniter.php(340): CodeIgniter\CodeIgniter->handleRequest(null, Object(Config\Cache), false)
 8 FCPATH\index.php(67): CodeIgniter\CodeIgniter->run()
 9 SYSTEMPATH\Commands\Server\rewrite.php(43): require_once('FCPATH\\index.php')
CRITICAL - 2022-09-01 18:51:57 --> Cannot use object of type CodeIgniter\Database\MySQLi\Result as array
in APPPATH\Views\controle\index.php on line 47.
 1 SYSTEMPATH\View\View.php(213): include()
 2 SYSTEMPATH\View\View.php(216): CodeIgniter\View\View->CodeIgniter\View\{closure}()
 3 SYSTEMPATH\Common.php(1137): CodeIgniter\View\View->render('controle/index', [], true)
 4 APPPATH\Controllers\Controle.php(18): view('controle/index', [...])
 5 SYSTEMPATH\CodeIgniter.php(898): App\Controllers\Controle->index()
 6 SYSTEMPATH\CodeIgniter.php(457): CodeIgniter\CodeIgniter->runController(Object(App\Controllers\Controle))
 7 SYSTEMPATH\CodeIgniter.php(340): CodeIgniter\CodeIgniter->handleRequest(null, Object(Config\Cache), false)
 8 FCPATH\index.php(67): CodeIgniter\CodeIgniter->run()
 9 SYSTEMPATH\Commands\Server\rewrite.php(43): require_once('FCPATH\\index.php')
CRITICAL - 2022-09-01 18:52:12 --> Cannot use object of type CodeIgniter\Database\MySQLi\Result as array
in APPPATH\Views\controle\index.php on line 47.
 1 SYSTEMPATH\View\View.php(213): include()
 2 SYSTEMPATH\View\View.php(216): CodeIgniter\View\View->CodeIgniter\View\{closure}()
 3 SYSTEMPATH\Common.php(1137): CodeIgniter\View\View->render('controle/index', [], true)
 4 APPPATH\Controllers\Controle.php(18): view('controle/index', [...])
 5 SYSTEMPATH\CodeIgniter.php(898): App\Controllers\Controle->index()
 6 SYSTEMPATH\CodeIgniter.php(457): CodeIgniter\CodeIgniter->runController(Object(App\Controllers\Controle))
 7 SYSTEMPATH\CodeIgniter.php(340): CodeIgniter\CodeIgniter->handleRequest(null, Object(Config\Cache), false)
 8 FCPATH\index.php(67): CodeIgniter\CodeIgniter->run()
 9 SYSTEMPATH\Commands\Server\rewrite.php(43): require_once('FCPATH\\index.php')
CRITICAL - 2022-09-01 18:53:31 --> Call to undefined method CodeIgniter\Database\MySQLi\Result::rowData()
in APPPATH\Models\GastoModel.php on line 37.
 1 APPPATH\Controllers\Controle.php(15): App\Models\GastoModel->somaValor()
 2 SYSTEMPATH\CodeIgniter.php(898): App\Controllers\Controle->index()
 3 SYSTEMPATH\CodeIgniter.php(457): CodeIgniter\CodeIgniter->runController(Object(App\Controllers\Controle))
 4 SYSTEMPATH\CodeIgniter.php(340): CodeIgniter\CodeIgniter->handleRequest(null, Object(Config\Cache), false)
 5 FCPATH\index.php(67): CodeIgniter\CodeIgniter->run()
 6 SYSTEMPATH\Commands\Server\rewrite.php(43): require_once('FCPATH\\index.php')
CRITICAL - 2022-09-01 18:53:46 --> Call to undefined method App\Models\GastoModel::rowData
in SYSTEMPATH\Model.php on line 773.
 1 APPPATH\Models\GastoModel.php(37): CodeIgniter\Model->__call('rowData', [])
 2 APPPATH\Controllers\Controle.php(15): App\Models\GastoModel->somaValor()
 3 SYSTEMPATH\CodeIgniter.php(898): App\Controllers\Controle->index()
 4 SYSTEMPATH\CodeIgniter.php(457): CodeIgniter\CodeIgniter->runController(Object(App\Controllers\Controle))
 5 SYSTEMPATH\CodeIgniter.php(340): CodeIgniter\CodeIgniter->handleRequest(null, Object(Config\Cache), false)
 6 FCPATH\index.php(67): CodeIgniter\CodeIgniter->run()
 7 SYSTEMPATH\Commands\Server\rewrite.php(43): require_once('FCPATH\\index.php')
CRITICAL - 2022-09-01 18:54:26 --> Undefined array key "valor"
in APPPATH\Views\controle\index.php on line 47.
 1 APPPATH\Views\controle\index.php(47): CodeIgniter\Debug\Exceptions->errorHandler(2, 'Undefined array key "valor"', 'APPPATH\\Views\\controle\\index.php', 47)
 2 SYSTEMPATH\View\View.php(213): include('APPPATH\\Views\\controle\\index.php')
 3 SYSTEMPATH\View\View.php(216): CodeIgniter\View\View->CodeIgniter\View\{closure}()
 4 SYSTEMPATH\Common.php(1137): CodeIgniter\View\View->render('controle/index', [], true)
 5 APPPATH\Controllers\Controle.php(18): view('controle/index', [...])
 6 SYSTEMPATH\CodeIgniter.php(898): App\Controllers\Controle->index()
 7 SYSTEMPATH\CodeIgniter.php(457): CodeIgniter\CodeIgniter->runController(Object(App\Controllers\Controle))
 8 SYSTEMPATH\CodeIgniter.php(340): CodeIgniter\CodeIgniter->handleRequest(null, Object(Config\Cache), false)
 9 FCPATH\index.php(67): CodeIgniter\CodeIgniter->run()
10 SYSTEMPATH\Commands\Server\rewrite.php(43): require_once('FCPATH\\index.php')
CRITICAL - 2022-09-01 18:54:42 --> Attempt to read property "valor" on array
in APPPATH\Views\controle\index.php on line 47.
 1 APPPATH\Views\controle\index.php(47): CodeIgniter\Debug\Exceptions->errorHandler(2, 'Attempt to read property "valor" on array', 'APPPATH\\Views\\controle\\index.php', 47)
 2 SYSTEMPATH\View\View.php(213): include('APPPATH\\Views\\controle\\index.php')
 3 SYSTEMPATH\View\View.php(216): CodeIgniter\View\View->CodeIgniter\View\{closure}()
 4 SYSTEMPATH\Common.php(1137): CodeIgniter\View\View->render('controle/index', [], true)
 5 APPPATH\Controllers\Controle.php(18): view('controle/index', [...])
 6 SYSTEMPATH\CodeIgniter.php(898): App\Controllers\Controle->index()
 7 SYSTEMPATH\CodeIgniter.php(457): CodeIgniter\CodeIgniter->runController(Object(App\Controllers\Controle))
 8 SYSTEMPATH\CodeIgniter.php(340): CodeIgniter\CodeIgniter->handleRequest(null, Object(Config\Cache), false)
 9 FCPATH\index.php(67): CodeIgniter\CodeIgniter->run()
10 SYSTEMPATH\Commands\Server\rewrite.php(43): require_once('FCPATH\\index.php')
CRITICAL - 2022-09-01 18:56:23 --> Attempt to read property "valor" on array
in APPPATH\Views\controle\index.php on line 47.
 1 APPPATH\Views\controle\index.php(47): CodeIgniter\Debug\Exceptions->errorHandler(2, 'Attempt to read property "valor" on array', 'APPPATH\\Views\\controle\\index.php', 47)
 2 SYSTEMPATH\View\View.php(213): include('APPPATH\\Views\\controle\\index.php')
 3 SYSTEMPATH\View\View.php(216): CodeIgniter\View\View->CodeIgniter\View\{closure}()
 4 SYSTEMPATH\Common.php(1137): CodeIgniter\View\View->render('controle/index', [], true)
 5 APPPATH\Controllers\Controle.php(18): view('controle/index', [...])
 6 SYSTEMPATH\CodeIgniter.php(898): App\Controllers\Controle->index()
 7 SYSTEMPATH\CodeIgniter.php(457): CodeIgniter\CodeIgniter->runController(Object(App\Controllers\Controle))
 8 SYSTEMPATH\CodeIgniter.php(340): CodeIgniter\CodeIgniter->handleRequest(null, Object(Config\Cache), false)
 9 FCPATH\index.php(67): CodeIgniter\CodeIgniter->run()
10 SYSTEMPATH\Commands\Server\rewrite.php(43): require_once('FCPATH\\index.php')
CRITICAL - 2022-09-01 18:56:25 --> Attempt to read property "valor" on array
in APPPATH\Views\controle\index.php on line 47.
 1 APPPATH\Views\controle\index.php(47): CodeIgniter\Debug\Exceptions->errorHandler(2, 'Attempt to read property "valor" on array', 'APPPATH\\Views\\controle\\index.php', 47)
 2 SYSTEMPATH\View\View.php(213): include('APPPATH\\Views\\controle\\index.php')
 3 SYSTEMPATH\View\View.php(216): CodeIgniter\View\View->CodeIgniter\View\{closure}()
 4 SYSTEMPATH\Common.php(1137): CodeIgniter\View\View->render('controle/index', [], true)
 5 APPPATH\Controllers\Controle.php(18): view('controle/index', [...])
 6 SYSTEMPATH\CodeIgniter.php(898): App\Controllers\Controle->index()
 7 SYSTEMPATH\CodeIgniter.php(457): CodeIgniter\CodeIgniter->runController(Object(App\Controllers\Controle))
 8 SYSTEMPATH\CodeIgniter.php(340): CodeIgniter\CodeIgniter->handleRequest(null, Object(Config\Cache), false)
 9 FCPATH\index.php(67): CodeIgniter\CodeIgniter->run()
10 SYSTEMPATH\Commands\Server\rewrite.php(43): require_once('FCPATH\\index.php')
CRITICAL - 2022-09-01 18:56:25 --> Attempt to read property "valor" on array
in APPPATH\Views\controle\index.php on line 47.
 1 APPPATH\Views\controle\index.php(47): CodeIgniter\Debug\Exceptions->errorHandler(2, 'Attempt to read property "valor" on array', 'APPPATH\\Views\\controle\\index.php', 47)
 2 SYSTEMPATH\View\View.php(213): include('APPPATH\\Views\\controle\\index.php')
 3 SYSTEMPATH\View\View.php(216): CodeIgniter\View\View->CodeIgniter\View\{closure}()
 4 SYSTEMPATH\Common.php(1137): CodeIgniter\View\View->render('controle/index', [], true)
 5 APPPATH\Controllers\Controle.php(18): view('controle/index', [...])
 6 SYSTEMPATH\CodeIgniter.php(898): App\Controllers\Controle->index()
 7 SYSTEMPATH\CodeIgniter.php(457): CodeIgniter\CodeIgniter->runController(Object(App\Controllers\Controle))
 8 SYSTEMPATH\CodeIgniter.php(340): CodeIgniter\CodeIgniter->handleRequest(null, Object(Config\Cache), false)
 9 FCPATH\index.php(67): CodeIgniter\CodeIgniter->run()
10 SYSTEMPATH\Commands\Server\rewrite.php(43): require_once('FCPATH\\index.php')
CRITICAL - 2022-09-01 18:56:25 --> Attempt to read property "valor" on array
in APPPATH\Views\controle\index.php on line 47.
 1 APPPATH\Views\controle\index.php(47): CodeIgniter\Debug\Exceptions->errorHandler(2, 'Attempt to read property "valor" on array', 'APPPATH\\Views\\controle\\index.php', 47)
 2 SYSTEMPATH\View\View.php(213): include('APPPATH\\Views\\controle\\index.php')
 3 SYSTEMPATH\View\View.php(216): CodeIgniter\View\View->CodeIgniter\View\{closure}()
 4 SYSTEMPATH\Common.php(1137): CodeIgniter\View\View->render('controle/index', [], true)
 5 APPPATH\Controllers\Controle.php(18): view('controle/index', [...])
 6 SYSTEMPATH\CodeIgniter.php(898): App\Controllers\Controle->index()
 7 SYSTEMPATH\CodeIgniter.php(457): CodeIgniter\CodeIgniter->runController(Object(App\Controllers\Controle))
 8 SYSTEMPATH\CodeIgniter.php(340): CodeIgniter\CodeIgniter->handleRequest(null, Object(Config\Cache), false)
 9 FCPATH\index.php(67): CodeIgniter\CodeIgniter->run()
10 SYSTEMPATH\Commands\Server\rewrite.php(43): require_once('FCPATH\\index.php')
CRITICAL - 2022-09-01 18:56:26 --> Attempt to read property "valor" on array
in APPPATH\Views\controle\index.php on line 47.
 1 APPPATH\Views\controle\index.php(47): CodeIgniter\Debug\Exceptions->errorHandler(2, 'Attempt to read property "valor" on array', 'APPPATH\\Views\\controle\\index.php', 47)
 2 SYSTEMPATH\View\View.php(213): include('APPPATH\\Views\\controle\\index.php')
 3 SYSTEMPATH\View\View.php(216): CodeIgniter\View\View->CodeIgniter\View\{closure}()
 4 SYSTEMPATH\Common.php(1137): CodeIgniter\View\View->render('controle/index', [], true)
 5 APPPATH\Controllers\Controle.php(18): view('controle/index', [...])
 6 SYSTEMPATH\CodeIgniter.php(898): App\Controllers\Controle->index()
 7 SYSTEMPATH\CodeIgniter.php(457): CodeIgniter\CodeIgniter->runController(Object(App\Controllers\Controle))
 8 SYSTEMPATH\CodeIgniter.php(340): CodeIgniter\CodeIgniter->handleRequest(null, Object(Config\Cache), false)
 9 FCPATH\index.php(67): CodeIgniter\CodeIgniter->run()
10 SYSTEMPATH\Commands\Server\rewrite.php(43): require_once('FCPATH\\index.php')
CRITICAL - 2022-09-01 18:57:32 --> Undefined property: stdClass::$valor
in APPPATH\Views\controle\index.php on line 47.
 1 APPPATH\Views\controle\index.php(47): CodeIgniter\Debug\Exceptions->errorHandler(2, 'Undefined property: stdClass::$valor', 'APPPATH\\Views\\controle\\index.php', 47)
 2 SYSTEMPATH\View\View.php(213): include('APPPATH\\Views\\controle\\index.php')
 3 SYSTEMPATH\View\View.php(216): CodeIgniter\View\View->CodeIgniter\View\{closure}()
 4 SYSTEMPATH\Common.php(1137): CodeIgniter\View\View->render('controle/index', [], true)
 5 APPPATH\Controllers\Controle.php(18): view('controle/index', [...])
 6 SYSTEMPATH\CodeIgniter.php(898): App\Controllers\Controle->index()
 7 SYSTEMPATH\CodeIgniter.php(457): CodeIgniter\CodeIgniter->runController(Object(App\Controllers\Controle))
 8 SYSTEMPATH\CodeIgniter.php(340): CodeIgniter\CodeIgniter->handleRequest(null, Object(Config\Cache), false)
 9 FCPATH\index.php(67): CodeIgniter\CodeIgniter->run()
10 SYSTEMPATH\Commands\Server\rewrite.php(43): require_once('FCPATH\\index.php')
CRITICAL - 2022-09-01 18:57:34 --> Undefined property: stdClass::$valor
in APPPATH\Views\controle\index.php on line 47.
 1 APPPATH\Views\controle\index.php(47): CodeIgniter\Debug\Exceptions->errorHandler(2, 'Undefined property: stdClass::$valor', 'APPPATH\\Views\\controle\\index.php', 47)
 2 SYSTEMPATH\View\View.php(213): include('APPPATH\\Views\\controle\\index.php')
 3 SYSTEMPATH\View\View.php(216): CodeIgniter\View\View->CodeIgniter\View\{closure}()
 4 SYSTEMPATH\Common.php(1137): CodeIgniter\View\View->render('controle/index', [], true)
 5 APPPATH\Controllers\Controle.php(18): view('controle/index', [...])
 6 SYSTEMPATH\CodeIgniter.php(898): App\Controllers\Controle->index()
 7 SYSTEMPATH\CodeIgniter.php(457): CodeIgniter\CodeIgniter->runController(Object(App\Controllers\Controle))
 8 SYSTEMPATH\CodeIgniter.php(340): CodeIgniter\CodeIgniter->handleRequest(null, Object(Config\Cache), false)
 9 FCPATH\index.php(67): CodeIgniter\CodeIgniter->run()
10 SYSTEMPATH\Commands\Server\rewrite.php(43): require_once('FCPATH\\index.php')
CRITICAL - 2022-09-01 19:07:19 --> Undefined array key 0
in APPPATH\Views\controle\index.php on line 47.
 1 APPPATH\Views\controle\index.php(47): CodeIgniter\Debug\Exceptions->errorHandler(2, 'Undefined array key 0', 'APPPATH\\Views\\controle\\index.php', 47)
 2 SYSTEMPATH\View\View.php(213): include('APPPATH\\Views\\controle\\index.php')
 3 SYSTEMPATH\View\View.php(216): CodeIgniter\View\View->CodeIgniter\View\{closure}()
 4 SYSTEMPATH\Common.php(1137): CodeIgniter\View\View->render('controle/index', [], true)
 5 APPPATH\Controllers\Controle.php(18): view('controle/index', [...])
 6 SYSTEMPATH\CodeIgniter.php(898): App\Controllers\Controle->index()
 7 SYSTEMPATH\CodeIgniter.php(457): CodeIgniter\CodeIgniter->runController(Object(App\Controllers\Controle))
 8 SYSTEMPATH\CodeIgniter.php(340): CodeIgniter\CodeIgniter->handleRequest(null, Object(Config\Cache), false)
 9 FCPATH\index.php(67): CodeIgniter\CodeIgniter->run()
10 SYSTEMPATH\Commands\Server\rewrite.php(43): require_once('FCPATH\\index.php')
CRITICAL - 2022-09-01 19:07:34 --> Attempt to read property "valor" on array
in APPPATH\Views\controle\index.php on line 47.
 1 APPPATH\Views\controle\index.php(47): CodeIgniter\Debug\Exceptions->errorHandler(2, 'Attempt to read property "valor" on array', 'APPPATH\\Views\\controle\\index.php', 47)
 2 SYSTEMPATH\View\View.php(213): include('APPPATH\\Views\\controle\\index.php')
 3 SYSTEMPATH\View\View.php(216): CodeIgniter\View\View->CodeIgniter\View\{closure}()
 4 SYSTEMPATH\Common.php(1137): CodeIgniter\View\View->render('controle/index', [], true)
 5 APPPATH\Controllers\Controle.php(18): view('controle/index', [...])
 6 SYSTEMPATH\CodeIgniter.php(898): App\Controllers\Controle->index()
 7 SYSTEMPATH\CodeIgniter.php(457): CodeIgniter\CodeIgniter->runController(Object(App\Controllers\Controle))
 8 SYSTEMPATH\CodeIgniter.php(340): CodeIgniter\CodeIgniter->handleRequest(null, Object(Config\Cache), false)
 9 FCPATH\index.php(67): CodeIgniter\CodeIgniter->run()
10 SYSTEMPATH\Commands\Server\rewrite.php(43): require_once('FCPATH\\index.php')
