CRITICAL - 2022-08-27 00:01:09 --> Undefined variable $dadosBancarios
in APPPATH\Views\dadosBancarios\index.php on line 61.
 1 APPPATH\Views\dadosBancarios\index.php(61): CodeIgniter\Debug\Exceptions->errorHandler(2, 'Undefined variable $dadosBancarios', 'APPPATH\\Views\\dadosBancarios\\index.php', 61)
 2 SYSTEMPATH\View\View.php(213): include('APPPATH\\Views\\dadosBancarios\\index.php')
 3 SYSTEMPATH\View\View.php(216): CodeIgniter\View\View->CodeIgniter\View\{closure}()
 4 SYSTEMPATH\Common.php(1137): CodeIgniter\View\View->render('dadosBancarios/index', [], true)
 5 APPPATH\Controllers\DadosBancarios.php(79): view('dadosBancarios/index', [...])
 6 SYSTEMPATH\CodeIgniter.php(898): App\Controllers\DadosBancarios->remove('1')
 7 SYSTEMPATH\CodeIgniter.php(457): CodeIgniter\CodeIgniter->runController(Object(App\Controllers\DadosBancarios))
 8 SYSTEMPATH\CodeIgniter.php(340): CodeIgniter\CodeIgniter->handleRequest(null, Object(Config\Cache), false)
 9 FCPATH\index.php(67): CodeIgniter\CodeIgniter->run()
10 SYSTEMPATH\Commands\Server\rewrite.php(43): require_once('FCPATH\\index.php')
CRITICAL - 2022-08-27 00:04:34 --> Undefined variable $dadosBancarios
in APPPATH\Views\dadosBancarios\index.php on line 61.
 1 APPPATH\Views\dadosBancarios\index.php(61): CodeIgniter\Debug\Exceptions->errorHandler(2, 'Undefined variable $dadosBancarios', 'APPPATH\\Views\\dadosBancarios\\index.php', 61)
 2 SYSTEMPATH\View\View.php(213): include('APPPATH\\Views\\dadosBancarios\\index.php')
 3 SYSTEMPATH\View\View.php(216): CodeIgniter\View\View->CodeIgniter\View\{closure}()
 4 SYSTEMPATH\Common.php(1137): CodeIgniter\View\View->render('dadosBancarios/index', [], true)
 5 APPPATH\Controllers\DadosBancarios.php(79): view('dadosBancarios/index', [...])
 6 SYSTEMPATH\CodeIgniter.php(898): App\Controllers\DadosBancarios->remove('1')
 7 SYSTEMPATH\CodeIgniter.php(457): CodeIgniter\CodeIgniter->runController(Object(App\Controllers\DadosBancarios))
 8 SYSTEMPATH\CodeIgniter.php(340): CodeIgniter\CodeIgniter->handleRequest(null, Object(Config\Cache), false)
 9 FCPATH\index.php(67): CodeIgniter\CodeIgniter->run()
10 SYSTEMPATH\Commands\Server\rewrite.php(43): require_once('FCPATH\\index.php')
CRITICAL - 2022-08-27 00:10:13 --> Undefined variable $dadosBancarios
in APPPATH\Views\dadosBancarios\index.php on line 61.
 1 APPPATH\Views\dadosBancarios\index.php(61): CodeIgniter\Debug\Exceptions->errorHandler(2, 'Undefined variable $dadosBancarios', 'APPPATH\\Views\\dadosBancarios\\index.php', 61)
 2 SYSTEMPATH\View\View.php(213): include('APPPATH\\Views\\dadosBancarios\\index.php')
 3 SYSTEMPATH\View\View.php(216): CodeIgniter\View\View->CodeIgniter\View\{closure}()
 4 SYSTEMPATH\Common.php(1137): CodeIgniter\View\View->render('dadosBancarios/index', [], true)
 5 APPPATH\Controllers\DadosBancarios.php(79): view('dadosBancarios/index', [...])
 6 SYSTEMPATH\CodeIgniter.php(898): App\Controllers\DadosBancarios->remove('1')
 7 SYSTEMPATH\CodeIgniter.php(457): CodeIgniter\CodeIgniter->runController(Object(App\Controllers\DadosBancarios))
 8 SYSTEMPATH\CodeIgniter.php(340): CodeIgniter\CodeIgniter->handleRequest(null, Object(Config\Cache), false)
 9 FCPATH\index.php(67): CodeIgniter\CodeIgniter->run()
10 SYSTEMPATH\Commands\Server\rewrite.php(43): require_once('FCPATH\\index.php')
CRITICAL - 2022-08-27 00:13:43 --> Undefined variable $dadosBancarios
in APPPATH\Views\dadosBancarios\index.php on line 61.
 1 APPPATH\Views\dadosBancarios\index.php(61): CodeIgniter\Debug\Exceptions->errorHandler(2, 'Undefined variable $dadosBancarios', 'APPPATH\\Views\\dadosBancarios\\index.php', 61)
 2 SYSTEMPATH\View\View.php(213): include('APPPATH\\Views\\dadosBancarios\\index.php')
 3 SYSTEMPATH\View\View.php(216): CodeIgniter\View\View->CodeIgniter\View\{closure}()
 4 SYSTEMPATH\Common.php(1137): CodeIgniter\View\View->render('dadosBancarios/index', [], true)
 5 APPPATH\Controllers\DadosBancarios.php(78): view('dadosBancarios/index', [...])
 6 SYSTEMPATH\CodeIgniter.php(898): App\Controllers\DadosBancarios->remove('1')
 7 SYSTEMPATH\CodeIgniter.php(457): CodeIgniter\CodeIgniter->runController(Object(App\Controllers\DadosBancarios))
 8 SYSTEMPATH\CodeIgniter.php(340): CodeIgniter\CodeIgniter->handleRequest(null, Object(Config\Cache), false)
 9 FCPATH\index.php(67): CodeIgniter\CodeIgniter->run()
10 SYSTEMPATH\Commands\Server\rewrite.php(43): require_once('FCPATH\\index.php')
CRITICAL - 2022-08-27 00:16:14 --> Undefined variable $dadosBancarios
in APPPATH\Views\dadosBancarios\index.php on line 61.
 1 APPPATH\Views\dadosBancarios\index.php(61): CodeIgniter\Debug\Exceptions->errorHandler(2, 'Undefined variable $dadosBancarios', 'APPPATH\\Views\\dadosBancarios\\index.php', 61)
 2 SYSTEMPATH\View\View.php(213): include('APPPATH\\Views\\dadosBancarios\\index.php')
 3 SYSTEMPATH\View\View.php(216): CodeIgniter\View\View->CodeIgniter\View\{closure}()
 4 SYSTEMPATH\Common.php(1137): CodeIgniter\View\View->render('dadosBancarios/index', [], true)
 5 APPPATH\Controllers\DadosBancarios.php(78): view('dadosBancarios/index', [...])
 6 SYSTEMPATH\CodeIgniter.php(898): App\Controllers\DadosBancarios->remove('1')
 7 SYSTEMPATH\CodeIgniter.php(457): CodeIgniter\CodeIgniter->runController(Object(App\Controllers\DadosBancarios))
 8 SYSTEMPATH\CodeIgniter.php(340): CodeIgniter\CodeIgniter->handleRequest(null, Object(Config\Cache), false)
 9 FCPATH\index.php(67): CodeIgniter\CodeIgniter->run()
10 SYSTEMPATH\Commands\Server\rewrite.php(43): require_once('FCPATH\\index.php')
CRITICAL - 2022-08-27 00:17:28 --> Undefined variable $dadosBancarios
in APPPATH\Views\dadosBancarios\index.php on line 61.
 1 APPPATH\Views\dadosBancarios\index.php(61): CodeIgniter\Debug\Exceptions->errorHandler(2, 'Undefined variable $dadosBancarios', 'APPPATH\\Views\\dadosBancarios\\index.php', 61)
 2 SYSTEMPATH\View\View.php(213): include('APPPATH\\Views\\dadosBancarios\\index.php')
 3 SYSTEMPATH\View\View.php(216): CodeIgniter\View\View->CodeIgniter\View\{closure}()
 4 SYSTEMPATH\Common.php(1137): CodeIgniter\View\View->render('dadosBancarios/index', [], true)
 5 APPPATH\Controllers\DadosBancarios.php(78): view('dadosBancarios/index', [...])
 6 SYSTEMPATH\CodeIgniter.php(898): App\Controllers\DadosBancarios->remove('1')
 7 SYSTEMPATH\CodeIgniter.php(457): CodeIgniter\CodeIgniter->runController(Object(App\Controllers\DadosBancarios))
 8 SYSTEMPATH\CodeIgniter.php(340): CodeIgniter\CodeIgniter->handleRequest(null, Object(Config\Cache), false)
 9 FCPATH\index.php(67): CodeIgniter\CodeIgniter->run()
10 SYSTEMPATH\Commands\Server\rewrite.php(43): require_once('FCPATH\\index.php')
CRITICAL - 2022-08-27 00:18:01 --> Undefined variable $dadosBancarios
in APPPATH\Views\dadosBancarios\index.php on line 61.
 1 APPPATH\Views\dadosBancarios\index.php(61): CodeIgniter\Debug\Exceptions->errorHandler(2, 'Undefined variable $dadosBancarios', 'APPPATH\\Views\\dadosBancarios\\index.php', 61)
 2 SYSTEMPATH\View\View.php(213): include('APPPATH\\Views\\dadosBancarios\\index.php')
 3 SYSTEMPATH\View\View.php(216): CodeIgniter\View\View->CodeIgniter\View\{closure}()
 4 SYSTEMPATH\Common.php(1137): CodeIgniter\View\View->render('dadosBancarios/index', [], true)
 5 APPPATH\Controllers\DadosBancarios.php(78): view('dadosBancarios/index', [...])
 6 SYSTEMPATH\CodeIgniter.php(898): App\Controllers\DadosBancarios->remove('1')
 7 SYSTEMPATH\CodeIgniter.php(457): CodeIgniter\CodeIgniter->runController(Object(App\Controllers\DadosBancarios))
 8 SYSTEMPATH\CodeIgniter.php(340): CodeIgniter\CodeIgniter->handleRequest(null, Object(Config\Cache), false)
 9 FCPATH\index.php(67): CodeIgniter\CodeIgniter->run()
10 SYSTEMPATH\Commands\Server\rewrite.php(43): require_once('FCPATH\\index.php')
CRITICAL - 2022-08-27 00:21:01 --> Undefined variable $dadosBancarios
in APPPATH\Views\dadosBancarios\index.php on line 61.
 1 APPPATH\Views\dadosBancarios\index.php(61): CodeIgniter\Debug\Exceptions->errorHandler(2, 'Undefined variable $dadosBancarios', 'APPPATH\\Views\\dadosBancarios\\index.php', 61)
 2 SYSTEMPATH\View\View.php(213): include('APPPATH\\Views\\dadosBancarios\\index.php')
 3 SYSTEMPATH\View\View.php(216): CodeIgniter\View\View->CodeIgniter\View\{closure}()
 4 SYSTEMPATH\Common.php(1137): CodeIgniter\View\View->render('dadosBancarios/index', [], true)
 5 APPPATH\Controllers\DadosBancarios.php(78): view('dadosBancarios/index', [...])
 6 SYSTEMPATH\CodeIgniter.php(898): App\Controllers\DadosBancarios->remove('1')
 7 SYSTEMPATH\CodeIgniter.php(457): CodeIgniter\CodeIgniter->runController(Object(App\Controllers\DadosBancarios))
 8 SYSTEMPATH\CodeIgniter.php(340): CodeIgniter\CodeIgniter->handleRequest(null, Object(Config\Cache), false)
 9 FCPATH\index.php(67): CodeIgniter\CodeIgniter->run()
10 SYSTEMPATH\Commands\Server\rewrite.php(43): require_once('FCPATH\\index.php')
CRITICAL - 2022-08-27 00:46:50 --> Xdebug has detected a possible infinite loop, and aborted your script with a stack depth of '256' frames
in SYSTEMPATH\Database\BaseBuilder.php on line 2881.
 1 SYSTEMPATH\Database\BaseBuilder.php(2881): implode('|', [...])
 2 SYSTEMPATH\Database\BaseBuilder.php(728): CodeIgniter\Database\BaseBuilder->getOperator('ativo', true)
 3 SYSTEMPATH\Database\BaseBuilder.php(674): CodeIgniter\Database\BaseBuilder->whereHaving('QBWhere', 'ativo', 1, 'AND ', true)
 4 SYSTEMPATH\Model.php(771): CodeIgniter\Database\BaseBuilder->where('ativo', 1)
 5 APPPATH\Models\TipoGastoModel.php(17): CodeIgniter\Model->__call('where', [...])
 6 APPPATH\Models\TipoGastoModel.php(19): App\Models\TipoGastoModel->get()
 7 APPPATH\Models\TipoGastoModel.php(19): App\Models\TipoGastoModel->get()
 8 APPPATH\Models\TipoGastoModel.php(19): App\Models\TipoGastoModel->get()
 9 APPPATH\Models\TipoGastoModel.php(19): App\Models\TipoGastoModel->get()
10 APPPATH\Models\TipoGastoModel.php(19): App\Models\TipoGastoModel->get()
11 APPPATH\Models\TipoGastoModel.php(19): App\Models\TipoGastoModel->get()
12 APPPATH\Models\TipoGastoModel.php(19): App\Models\TipoGastoModel->get()
13 APPPATH\Models\TipoGastoModel.php(19): App\Models\TipoGastoModel->get()
14 APPPATH\Models\TipoGastoModel.php(19): App\Models\TipoGastoModel->get()
15 APPPATH\Models\TipoGastoModel.php(19): App\Models\TipoGastoModel->get()
16 APPPATH\Models\TipoGastoModel.php(19): App\Models\TipoGastoModel->get()
17 APPPATH\Models\TipoGastoModel.php(19): App\Models\TipoGastoModel->get()
18 APPPATH\Models\TipoGastoModel.php(19): App\Models\TipoGastoModel->get()
19 APPPATH\Models\TipoGastoModel.php(19): App\Models\TipoGastoModel->get()
20 APPPATH\Models\TipoGastoModel.php(19): App\Models\TipoGastoModel->get()
21 APPPATH\Models\TipoGastoModel.php(19): App\Models\TipoGastoModel->get()
22 APPPATH\Models\TipoGastoModel.php(19): App\Models\TipoGastoModel->get()
23 APPPATH\Models\TipoGastoModel.php(19): App\Models\TipoGastoModel->get()
24 APPPATH\Models\TipoGastoModel.php(19): App\Models\TipoGastoModel->get()
25 APPPATH\Models\TipoGastoModel.php(19): App\Models\TipoGastoModel->get()
26 APPPATH\Models\TipoGastoModel.php(19): App\Models\TipoGastoModel->get()
27 APPPATH\Models\TipoGastoModel.php(19): App\Models\TipoGastoModel->get()
28 APPPATH\Models\TipoGastoModel.php(19): App\Models\TipoGastoModel->get()
29 APPPATH\Models\TipoGastoModel.php(19): App\Models\TipoGastoModel->get()
30 APPPATH\Models\TipoGastoModel.php(19): App\Models\TipoGastoModel->get()
31 APPPATH\Models\TipoGastoModel.php(19): App\Models\TipoGastoModel->get()
32 APPPATH\Models\TipoGastoModel.php(19): App\Models\TipoGastoModel->get()
33 APPPATH\Models\TipoGastoModel.php(19): App\Models\TipoGastoModel->get()
34 APPPATH\Models\TipoGastoModel.php(19): App\Models\TipoGastoModel->get()
35 APPPATH\Models\TipoGastoModel.php(19): App\Models\TipoGastoModel->get()
36 APPPATH\Models\TipoGastoModel.php(19): App\Models\TipoGastoModel->get()
37 APPPATH\Models\TipoGastoModel.php(19): App\Models\TipoGastoModel->get()
38 APPPATH\Models\TipoGastoModel.php(19): App\Models\TipoGastoModel->get()
39 APPPATH\Models\TipoGastoModel.php(19): App\Models\TipoGastoModel->get()
40 APPPATH\Models\TipoGastoModel.php(19): App\Models\TipoGastoModel->get()
41 APPPATH\Models\TipoGastoModel.php(19): App\Models\TipoGastoModel->get()
42 APPPATH\Models\TipoGastoModel.php(19): App\Models\TipoGastoModel->get()
43 APPPATH\Models\TipoGastoModel.php(19): App\Models\TipoGastoModel->get()
44 APPPATH\Models\TipoGastoModel.php(19): App\Models\TipoGastoModel->get()
45 APPPATH\Models\TipoGastoModel.php(19): App\Models\TipoGastoModel->get()
46 APPPATH\Models\TipoGastoModel.php(19): App\Models\TipoGastoModel->get()
47 APPPATH\Models\TipoGastoModel.php(19): App\Models\TipoGastoModel->get()
48 APPPATH\Models\TipoGastoModel.php(19): App\Models\TipoGastoModel->get()
49 APPPATH\Models\TipoGastoModel.php(19): App\Models\TipoGastoModel->get()
50 APPPATH\Models\TipoGastoModel.php(19): App\Models\TipoGastoModel->get()
51 APPPATH\Models\TipoGastoModel.php(19): App\Models\TipoGastoModel->get()
52 APPPATH\Models\TipoGastoModel.php(19): App\Models\TipoGastoModel->get()
53 APPPATH\Models\TipoGastoModel.php(19): App\Models\TipoGastoModel->get()
54 APPPATH\Models\TipoGastoModel.php(19): App\Models\TipoGastoModel->get()
55 APPPATH\Models\TipoGastoModel.php(19): App\Models\TipoGastoModel->get()
56 APPPATH\Models\TipoGastoModel.php(19): App\Models\TipoGastoModel->get()
57 APPPATH\Models\TipoGastoModel.php(19): App\Models\TipoGastoModel->get()
58 APPPATH\Models\TipoGastoModel.php(19): App\Models\TipoGastoModel->get()
59 APPPATH\Models\TipoGastoModel.php(19): App\Models\TipoGastoModel->get()
60 APPPATH\Models\TipoGastoModel.php(19): App\Models\TipoGastoModel->get()
61 APPPATH\Models\TipoGastoModel.php(19): App\Models\TipoGastoModel->get()
62 APPPATH\Models\TipoGastoModel.php(19): App\Models\TipoGastoModel->get()
63 APPPATH\Models\TipoGastoModel.php(19): App\Models\TipoGastoModel->get()
64 APPPATH\Models\TipoGastoModel.php(19): App\Models\TipoGastoModel->get()
65 APPPATH\Models\TipoGastoModel.php(19): App\Models\TipoGastoModel->get()
66 APPPATH\Models\TipoGastoModel.php(19): App\Models\TipoGastoModel->get()
67 APPPATH\Models\TipoGastoModel.php(19): App\Models\TipoGastoModel->get()
68 APPPATH\Models\TipoGastoModel.php(19): App\Models\TipoGastoModel->get()
69 APPPATH\Models\TipoGastoModel.php(19): App\Models\TipoGastoModel->get()
70 APPPATH\Models\TipoGastoModel.php(19): App\Models\TipoGastoModel->get()
71 APPPATH\Models\TipoGastoModel.php(19): App\Models\TipoGastoModel->get()
72 APPPATH\Models\TipoGastoModel.php(19): App\Models\TipoGastoModel->get()
73 APPPATH\Models\TipoGastoModel.php(19): App\Models\TipoGastoModel->get()
74 APPPATH\Models\TipoGastoModel.php(19): App\Models\TipoGastoModel->get()
75 APPPATH\Models\TipoGastoModel.php(19): App\Models\TipoGastoModel->get()
76 APPPATH\Models\TipoGastoModel.php(19): App\Models\TipoGastoModel->get()
77 APPPATH\Models\TipoGastoModel.php(19): App\Models\TipoGastoModel->get()
78 APPPATH\Models\TipoGastoModel.php(19): App\Models\TipoGastoModel->get()
79 APPPATH\Models\TipoGastoModel.php(19): App\Models\TipoGastoModel->get()
80 APPPATH\Models\TipoGastoModel.php(19): App\Models\TipoGastoModel->get()
81 APPPATH\Models\TipoGastoModel.php(19): App\Models\TipoGastoModel->get()
82 APPPATH\Models\TipoGastoModel.php(19): App\Models\TipoGastoModel->get()
83 APPPATH\Models\TipoGastoModel.php(19): App\Models\TipoGastoModel->get()
84 APPPATH\Models\TipoGastoModel.php(19): App\Models\TipoGastoModel->get()
85 APPPATH\Models\TipoGastoModel.php(19): App\Models\TipoGastoModel->get()
86 APPPATH\Models\TipoGastoModel.php(19): App\Models\TipoGastoModel->get()
87 APPPATH\Models\TipoGastoModel.php(19): App\Models\TipoGastoModel->get()
88 APPPATH\Models\TipoGastoModel.php(19): App\Models\TipoGastoModel->get()
89 APPPATH\Models\TipoGastoModel.php(19): App\Models\TipoGastoModel->get()
90 APPPATH\Models\TipoGastoModel.php(19): App\Models\TipoGastoModel->get()
91 APPPATH\Models\TipoGastoModel.php(19): App\Models\TipoGastoModel->get()
92 APPPATH\Models\TipoGastoModel.php(19): App\Models\TipoGastoModel->get()
93 APPPATH\Models\TipoGastoModel.php(19): App\Models\TipoGastoModel->get()
94 APPPATH\Models\TipoGastoModel.php(19): App\Models\TipoGastoModel->get()
95 APPPATH\Models\TipoGastoModel.php(19): App\Models\TipoGastoModel->get()
96 APPPATH\Models\TipoGastoModel.php(19): App\Models\TipoGastoModel->get()
97 APPPATH\Models\TipoGastoModel.php(19): App\Models\TipoGastoModel->get()
98 APPPATH\Models\TipoGastoModel.php(19): App\Models\TipoGastoModel->get()
99 APPPATH\Models\TipoGastoModel.php(19): App\Models\TipoGastoModel->get()
100 APPPATH\Models\TipoGastoModel.php(19): App\Models\TipoGastoModel->get()
101 APPPATH\Models\TipoGastoModel.php(19): App\Models\TipoGastoModel->get()
102 APPPATH\Models\TipoGastoModel.php(19): App\Models\TipoGastoModel->get()
103 APPPATH\Models\TipoGastoModel.php(19): App\Models\TipoGastoModel->get()
104 APPPATH\Models\TipoGastoModel.php(19): App\Models\TipoGastoModel->get()
105 APPPATH\Models\TipoGastoModel.php(19): App\Models\TipoGastoModel->get()
106 APPPATH\Models\TipoGastoModel.php(19): App\Models\TipoGastoModel->get()
107 APPPATH\Models\TipoGastoModel.php(19): App\Models\TipoGastoModel->get()
108 APPPATH\Models\TipoGastoModel.php(19): App\Models\TipoGastoModel->get()
109 APPPATH\Models\TipoGastoModel.php(19): App\Models\TipoGastoModel->get()
110 APPPATH\Models\TipoGastoModel.php(19): App\Models\TipoGastoModel->get()
111 APPPATH\Models\TipoGastoModel.php(19): App\Models\TipoGastoModel->get()
112 APPPATH\Models\TipoGastoModel.php(19): App\Models\TipoGastoModel->get()
113 APPPATH\Models\TipoGastoModel.php(19): App\Models\TipoGastoModel->get()
114 APPPATH\Models\TipoGastoModel.php(19): App\Models\TipoGastoModel->get()
115 APPPATH\Models\TipoGastoModel.php(19): App\Models\TipoGastoModel->get()
116 APPPATH\Models\TipoGastoModel.php(19): App\Models\TipoGastoModel->get()
117 APPPATH\Models\TipoGastoModel.php(19): App\Models\TipoGastoModel->get()
118 APPPATH\Models\TipoGastoModel.php(19): App\Models\TipoGastoModel->get()
119 APPPATH\Models\TipoGastoModel.php(19): App\Models\TipoGastoModel->get()
120 APPPATH\Models\TipoGastoModel.php(19): App\Models\TipoGastoModel->get()
121 APPPATH\Models\TipoGastoModel.php(19): App\Models\TipoGastoModel->get()
122 APPPATH\Models\TipoGastoModel.php(19): App\Models\TipoGastoModel->get()
123 APPPATH\Models\TipoGastoModel.php(19): App\Models\TipoGastoModel->get()
124 APPPATH\Models\TipoGastoModel.php(19): App\Models\TipoGastoModel->get()
125 APPPATH\Models\TipoGastoModel.php(19): App\Models\TipoGastoModel->get()
126 APPPATH\Models\TipoGastoModel.php(19): App\Models\TipoGastoModel->get()
127 APPPATH\Models\TipoGastoModel.php(19): App\Models\TipoGastoModel->get()
128 APPPATH\Models\TipoGastoModel.php(19): App\Models\TipoGastoModel->get()
129 APPPATH\Models\TipoGastoModel.php(19): App\Models\TipoGastoModel->get()
130 APPPATH\Models\TipoGastoModel.php(19): App\Models\TipoGastoModel->get()
131 APPPATH\Models\TipoGastoModel.php(19): App\Models\TipoGastoModel->get()
132 APPPATH\Models\TipoGastoModel.php(19): App\Models\TipoGastoModel->get()
133 APPPATH\Models\TipoGastoModel.php(19): App\Models\TipoGastoModel->get()
134 APPPATH\Models\TipoGastoModel.php(19): App\Models\TipoGastoModel->get()
135 APPPATH\Models\TipoGastoModel.php(19): App\Models\TipoGastoModel->get()
136 APPPATH\Models\TipoGastoModel.php(19): App\Models\TipoGastoModel->get()
137 APPPATH\Models\TipoGastoModel.php(19): App\Models\TipoGastoModel->get()
138 APPPATH\Models\TipoGastoModel.php(19): App\Models\TipoGastoModel->get()
139 APPPATH\Models\TipoGastoModel.php(19): App\Models\TipoGastoModel->get()
140 APPPATH\Models\TipoGastoModel.php(19): App\Models\TipoGastoModel->get()
141 APPPATH\Models\TipoGastoModel.php(19): App\Models\TipoGastoModel->get()
142 APPPATH\Models\TipoGastoModel.php(19): App\Models\TipoGastoModel->get()
143 APPPATH\Models\TipoGastoModel.php(19): App\Models\TipoGastoModel->get()
144 APPPATH\Models\TipoGastoModel.php(19): App\Models\TipoGastoModel->get()
145 APPPATH\Models\TipoGastoModel.php(19): App\Models\TipoGastoModel->get()
146 APPPATH\Models\TipoGastoModel.php(19): App\Models\TipoGastoModel->get()
147 APPPATH\Models\TipoGastoModel.php(19): App\Models\TipoGastoModel->get()
148 APPPATH\Models\TipoGastoModel.php(19): App\Models\TipoGastoModel->get()
149 APPPATH\Models\TipoGastoModel.php(19): App\Models\TipoGastoModel->get()
150 APPPATH\Models\TipoGastoModel.php(19): App\Models\TipoGastoModel->get()
151 APPPATH\Models\TipoGastoModel.php(19): App\Models\TipoGastoModel->get()
152 APPPATH\Models\TipoGastoModel.php(19): App\Models\TipoGastoModel->get()
153 APPPATH\Models\TipoGastoModel.php(19): App\Models\TipoGastoModel->get()
154 APPPATH\Models\TipoGastoModel.php(19): App\Models\TipoGastoModel->get()
155 APPPATH\Models\TipoGastoModel.php(19): App\Models\TipoGastoModel->get()
156 APPPATH\Models\TipoGastoModel.php(19): App\Models\TipoGastoModel->get()
157 APPPATH\Models\TipoGastoModel.php(19): App\Models\TipoGastoModel->get()
158 APPPATH\Models\TipoGastoModel.php(19): App\Models\TipoGastoModel->get()
159 APPPATH\Models\TipoGastoModel.php(19): App\Models\TipoGastoModel->get()
160 APPPATH\Models\TipoGastoModel.php(19): App\Models\TipoGastoModel->get()
161 APPPATH\Models\TipoGastoModel.php(19): App\Models\TipoGastoModel->get()
162 APPPATH\Models\TipoGastoModel.php(19): App\Models\TipoGastoModel->get()
163 APPPATH\Models\TipoGastoModel.php(19): App\Models\TipoGastoModel->get()
164 APPPATH\Models\TipoGastoModel.php(19): App\Models\TipoGastoModel->get()
165 APPPATH\Models\TipoGastoModel.php(19): App\Models\TipoGastoModel->get()
166 APPPATH\Models\TipoGastoModel.php(19): App\Models\TipoGastoModel->get()
167 APPPATH\Models\TipoGastoModel.php(19): App\Models\TipoGastoModel->get()
168 APPPATH\Models\TipoGastoModel.php(19): App\Models\TipoGastoModel->get()
169 APPPATH\Models\TipoGastoModel.php(19): App\Models\TipoGastoModel->get()
170 APPPATH\Models\TipoGastoModel.php(19): App\Models\TipoGastoModel->get()
171 APPPATH\Models\TipoGastoModel.php(19): App\Models\TipoGastoModel->get()
172 APPPATH\Models\TipoGastoModel.php(19): App\Models\TipoGastoModel->get()
173 APPPATH\Models\TipoGastoModel.php(19): App\Models\TipoGastoModel->get()
174 APPPATH\Models\TipoGastoModel.php(19): App\Models\TipoGastoModel->get()
175 APPPATH\Models\TipoGastoModel.php(19): App\Models\TipoGastoModel->get()
176 APPPATH\Models\TipoGastoModel.php(19): App\Models\TipoGastoModel->get()
177 APPPATH\Models\TipoGastoModel.php(19): App\Models\TipoGastoModel->get()
178 APPPATH\Models\TipoGastoModel.php(19): App\Models\TipoGastoModel->get()
179 APPPATH\Models\TipoGastoModel.php(19): App\Models\TipoGastoModel->get()
180 APPPATH\Models\TipoGastoModel.php(19): App\Models\TipoGastoModel->get()
181 APPPATH\Models\TipoGastoModel.php(19): App\Models\TipoGastoModel->get()
182 APPPATH\Models\TipoGastoModel.php(19): App\Models\TipoGastoModel->get()
183 APPPATH\Models\TipoGastoModel.php(19): App\Models\TipoGastoModel->get()
184 APPPATH\Models\TipoGastoModel.php(19): App\Models\TipoGastoModel->get()
185 APPPATH\Models\TipoGastoModel.php(19): App\Models\TipoGastoModel->get()
186 APPPATH\Models\TipoGastoModel.php(19): App\Models\TipoGastoModel->get()
187 APPPATH\Models\TipoGastoModel.php(19): App\Models\TipoGastoModel->get()
188 APPPATH\Models\TipoGastoModel.php(19): App\Models\TipoGastoModel->get()
189 APPPATH\Models\TipoGastoModel.php(19): App\Models\TipoGastoModel->get()
190 APPPATH\Models\TipoGastoModel.php(19): App\Models\TipoGastoModel->get()
191 APPPATH\Models\TipoGastoModel.php(19): App\Models\TipoGastoModel->get()
192 APPPATH\Models\TipoGastoModel.php(19): App\Models\TipoGastoModel->get()
193 APPPATH\Models\TipoGastoModel.php(19): App\Models\TipoGastoModel->get()
194 APPPATH\Models\TipoGastoModel.php(19): App\Models\TipoGastoModel->get()
195 APPPATH\Models\TipoGastoModel.php(19): App\Models\TipoGastoModel->get()
196 APPPATH\Models\TipoGastoModel.php(19): App\Models\TipoGastoModel->get()
197 APPPATH\Models\TipoGastoModel.php(19): App\Models\TipoGastoModel->get()
198 APPPATH\Models\TipoGastoModel.php(19): App\Models\TipoGastoModel->get()
199 APPPATH\Models\TipoGastoModel.php(19): App\Models\TipoGastoModel->get()
200 APPPATH\Models\TipoGastoModel.php(19): App\Models\TipoGastoModel->get()
201 APPPATH\Models\TipoGastoModel.php(19): App\Models\TipoGastoModel->get()
202 APPPATH\Models\TipoGastoModel.php(19): App\Models\TipoGastoModel->get()
203 APPPATH\Models\TipoGastoModel.php(19): App\Models\TipoGastoModel->get()
204 APPPATH\Models\TipoGastoModel.php(19): App\Models\TipoGastoModel->get()
205 APPPATH\Models\TipoGastoModel.php(19): App\Models\TipoGastoModel->get()
206 APPPATH\Models\TipoGastoModel.php(19): App\Models\TipoGastoModel->get()
207 APPPATH\Models\TipoGastoModel.php(19): App\Models\TipoGastoModel->get()
208 APPPATH\Models\TipoGastoModel.php(19): App\Models\TipoGastoModel->get()
209 APPPATH\Models\TipoGastoModel.php(19): App\Models\TipoGastoModel->get()
210 APPPATH\Models\TipoGastoModel.php(19): App\Models\TipoGastoModel->get()
211 APPPATH\Models\TipoGastoModel.php(19): App\Models\TipoGastoModel->get()
212 APPPATH\Models\TipoGastoModel.php(19): App\Models\TipoGastoModel->get()
213 APPPATH\Models\TipoGastoModel.php(19): App\Models\TipoGastoModel->get()
214 APPPATH\Models\TipoGastoModel.php(19): App\Models\TipoGastoModel->get()
215 APPPATH\Models\TipoGastoModel.php(19): App\Models\TipoGastoModel->get()
216 APPPATH\Models\TipoGastoModel.php(19): App\Models\TipoGastoModel->get()
217 APPPATH\Models\TipoGastoModel.php(19): App\Models\TipoGastoModel->get()
218 APPPATH\Models\TipoGastoModel.php(19): App\Models\TipoGastoModel->get()
219 APPPATH\Models\TipoGastoModel.php(19): App\Models\TipoGastoModel->get()
220 APPPATH\Models\TipoGastoModel.php(19): App\Models\TipoGastoModel->get()
221 APPPATH\Models\TipoGastoModel.php(19): App\Models\TipoGastoModel->get()
222 APPPATH\Models\TipoGastoModel.php(19): App\Models\TipoGastoModel->get()
223 APPPATH\Models\TipoGastoModel.php(19): App\Models\TipoGastoModel->get()
224 APPPATH\Models\TipoGastoModel.php(19): App\Models\TipoGastoModel->get()
225 APPPATH\Models\TipoGastoModel.php(19): App\Models\TipoGastoModel->get()
226 APPPATH\Models\TipoGastoModel.php(19): App\Models\TipoGastoModel->get()
227 APPPATH\Models\TipoGastoModel.php(19): App\Models\TipoGastoModel->get()
228 APPPATH\Models\TipoGastoModel.php(19): App\Models\TipoGastoModel->get()
229 APPPATH\Models\TipoGastoModel.php(19): App\Models\TipoGastoModel->get()
230 APPPATH\Models\TipoGastoModel.php(19): App\Models\TipoGastoModel->get()
231 APPPATH\Models\TipoGastoModel.php(19): App\Models\TipoGastoModel->get()
232 APPPATH\Models\TipoGastoModel.php(19): App\Models\TipoGastoModel->get()
233 APPPATH\Models\TipoGastoModel.php(19): App\Models\TipoGastoModel->get()
234 APPPATH\Models\TipoGastoModel.php(19): App\Models\TipoGastoModel->get()
235 APPPATH\Models\TipoGastoModel.php(19): App\Models\TipoGastoModel->get()
236 APPPATH\Models\TipoGastoModel.php(19): App\Models\TipoGastoModel->get()
237 APPPATH\Models\TipoGastoModel.php(19): App\Models\TipoGastoModel->get()
238 APPPATH\Models\TipoGastoModel.php(19): App\Models\TipoGastoModel->get()
239 APPPATH\Models\TipoGastoModel.php(19): App\Models\TipoGastoModel->get()
240 APPPATH\Models\TipoGastoModel.php(19): App\Models\TipoGastoModel->get()
241 APPPATH\Models\TipoGastoModel.php(19): App\Models\TipoGastoModel->get()
242 APPPATH\Models\TipoGastoModel.php(19): App\Models\TipoGastoModel->get()
243 APPPATH\Models\TipoGastoModel.php(19): App\Models\TipoGastoModel->get()
244 APPPATH\Models\TipoGastoModel.php(19): App\Models\TipoGastoModel->get()
245 APPPATH\Models\TipoGastoModel.php(19): App\Models\TipoGastoModel->get()
246 APPPATH\Models\TipoGastoModel.php(19): App\Models\TipoGastoModel->get()
247 APPPATH\Models\TipoGastoModel.php(19): App\Models\TipoGastoModel->get()
248 APPPATH\Models\TipoGastoModel.php(19): App\Models\TipoGastoModel->get()
249 APPPATH\Models\TipoGastoModel.php(19): App\Models\TipoGastoModel->get()
250 APPPATH\Controllers\TipoGasto.php(12): App\Models\TipoGastoModel->get()
251 SYSTEMPATH\CodeIgniter.php(898): App\Controllers\TipoGasto->index()
252 SYSTEMPATH\CodeIgniter.php(457): CodeIgniter\CodeIgniter->runController(Object(App\Controllers\TipoGasto))
253 SYSTEMPATH\CodeIgniter.php(340): CodeIgniter\CodeIgniter->handleRequest(null, Object(Config\Cache), false)
254 FCPATH\index.php(67): CodeIgniter\CodeIgniter->run()
255 SYSTEMPATH\Commands\Server\rewrite.php(43): require_once('FCPATH\\index.php')
CRITICAL - 2022-08-27 00:53:46 --> Undefined variable $tipoGasto
in APPPATH\Views\tipoGasto\index.php on line 52.
 1 APPPATH\Views\tipoGasto\index.php(52): CodeIgniter\Debug\Exceptions->errorHandler(2, 'Undefined variable $tipoGasto', 'APPPATH\\Views\\tipoGasto\\index.php', 52)
 2 SYSTEMPATH\View\View.php(213): include('APPPATH\\Views\\tipoGasto\\index.php')
 3 SYSTEMPATH\View\View.php(216): CodeIgniter\View\View->CodeIgniter\View\{closure}()
 4 SYSTEMPATH\Common.php(1137): CodeIgniter\View\View->render('tipoGasto/index', [], true)
 5 APPPATH\Controllers\TipoGasto.php(49): view('tipoGasto/index', [...])
 6 SYSTEMPATH\CodeIgniter.php(898): App\Controllers\TipoGasto->create()
 7 SYSTEMPATH\CodeIgniter.php(457): CodeIgniter\CodeIgniter->runController(Object(App\Controllers\TipoGasto))
 8 SYSTEMPATH\CodeIgniter.php(340): CodeIgniter\CodeIgniter->handleRequest(null, Object(Config\Cache), false)
 9 FCPATH\index.php(67): CodeIgniter\CodeIgniter->run()
10 SYSTEMPATH\Commands\Server\rewrite.php(43): require_once('FCPATH\\index.php')
CRITICAL - 2022-08-27 00:55:26 --> Undefined variable $tipoGasto
in APPPATH\Views\tipoGasto\index.php on line 52.
 1 APPPATH\Views\tipoGasto\index.php(52): CodeIgniter\Debug\Exceptions->errorHandler(2, 'Undefined variable $tipoGasto', 'APPPATH\\Views\\tipoGasto\\index.php', 52)
 2 SYSTEMPATH\View\View.php(213): include('APPPATH\\Views\\tipoGasto\\index.php')
 3 SYSTEMPATH\View\View.php(216): CodeIgniter\View\View->CodeIgniter\View\{closure}()
 4 SYSTEMPATH\Common.php(1137): CodeIgniter\View\View->render('tipoGasto/index', [], true)
 5 APPPATH\Controllers\TipoGasto.php(49): view('tipoGasto/index', [...])
 6 SYSTEMPATH\CodeIgniter.php(898): App\Controllers\TipoGasto->create()
 7 SYSTEMPATH\CodeIgniter.php(457): CodeIgniter\CodeIgniter->runController(Object(App\Controllers\TipoGasto))
 8 SYSTEMPATH\CodeIgniter.php(340): CodeIgniter\CodeIgniter->handleRequest(null, Object(Config\Cache), false)
 9 FCPATH\index.php(67): CodeIgniter\CodeIgniter->run()
10 SYSTEMPATH\Commands\Server\rewrite.php(43): require_once('FCPATH\\index.php')
CRITICAL - 2022-08-27 00:56:06 --> Undefined variable $db
in APPPATH\Views\tipoGasto\index.php on line 56.
 1 APPPATH\Views\tipoGasto\index.php(56): CodeIgniter\Debug\Exceptions->errorHandler(2, 'Undefined variable $db', 'APPPATH\\Views\\tipoGasto\\index.php', 56)
 2 SYSTEMPATH\View\View.php(213): include('APPPATH\\Views\\tipoGasto\\index.php')
 3 SYSTEMPATH\View\View.php(216): CodeIgniter\View\View->CodeIgniter\View\{closure}()
 4 SYSTEMPATH\Common.php(1137): CodeIgniter\View\View->render('tipoGasto/index', [], true)
 5 APPPATH\Controllers\TipoGasto.php(16): view('tipoGasto/index', [...])
 6 SYSTEMPATH\CodeIgniter.php(898): App\Controllers\TipoGasto->index()
 7 SYSTEMPATH\CodeIgniter.php(457): CodeIgniter\CodeIgniter->runController(Object(App\Controllers\TipoGasto))
 8 SYSTEMPATH\CodeIgniter.php(340): CodeIgniter\CodeIgniter->handleRequest(null, Object(Config\Cache), false)
 9 FCPATH\index.php(67): CodeIgniter\CodeIgniter->run()
10 SYSTEMPATH\Commands\Server\rewrite.php(43): require_once('FCPATH\\index.php')
CRITICAL - 2022-08-27 00:56:13 --> Undefined variable $db
in APPPATH\Views\tipoGasto\index.php on line 56.
 1 APPPATH\Views\tipoGasto\index.php(56): CodeIgniter\Debug\Exceptions->errorHandler(2, 'Undefined variable $db', 'APPPATH\\Views\\tipoGasto\\index.php', 56)
 2 SYSTEMPATH\View\View.php(213): include('APPPATH\\Views\\tipoGasto\\index.php')
 3 SYSTEMPATH\View\View.php(216): CodeIgniter\View\View->CodeIgniter\View\{closure}()
 4 SYSTEMPATH\Common.php(1137): CodeIgniter\View\View->render('tipoGasto/index', [], true)
 5 APPPATH\Controllers\TipoGasto.php(16): view('tipoGasto/index', [...])
 6 SYSTEMPATH\CodeIgniter.php(898): App\Controllers\TipoGasto->index()
 7 SYSTEMPATH\CodeIgniter.php(457): CodeIgniter\CodeIgniter->runController(Object(App\Controllers\TipoGasto))
 8 SYSTEMPATH\CodeIgniter.php(340): CodeIgniter\CodeIgniter->handleRequest(null, Object(Config\Cache), false)
 9 FCPATH\index.php(67): CodeIgniter\CodeIgniter->run()
10 SYSTEMPATH\Commands\Server\rewrite.php(43): require_once('FCPATH\\index.php')
