CRITICAL - 2022-08-26 18:55:50 --> Cannot use object of type mysqli as array
in APPPATH\Views\dadosBancarios\index.php on line 61.
 1 SYSTEMPATH\View\View.php(213): include()
 2 SYSTEMPATH\View\View.php(216): CodeIgniter\View\View->CodeIgniter\View\{closure}()
 3 SYSTEMPATH\Common.php(1137): CodeIgniter\View\View->render('dadosBancarios/index', [], true)
 4 APPPATH\Controllers\DadosBancarios.php(16): view('dadosBancarios/index', [...])
 5 SYSTEMPATH\CodeIgniter.php(898): App\Controllers\DadosBancarios->index()
 6 SYSTEMPATH\CodeIgniter.php(457): CodeIgniter\CodeIgniter->runController(Object(App\Controllers\DadosBancarios))
 7 SYSTEMPATH\CodeIgniter.php(340): CodeIgniter\CodeIgniter->handleRequest(null, Object(Config\Cache), false)
 8 FCPATH\index.php(67): CodeIgniter\CodeIgniter->run()
 9 SYSTEMPATH\Commands\Server\rewrite.php(43): require_once('FCPATH\\index.php')
CRITICAL - 2022-08-26 19:01:53 --> Cannot use object of type mysqli as array
in APPPATH\Views\dadosBancarios\index.php on line 61.
 1 SYSTEMPATH\View\View.php(213): include()
 2 SYSTEMPATH\View\View.php(216): CodeIgniter\View\View->CodeIgniter\View\{closure}()
 3 SYSTEMPATH\Common.php(1137): CodeIgniter\View\View->render('dadosBancarios/index', [], true)
 4 APPPATH\Controllers\DadosBancarios.php(16): view('dadosBancarios/index', [...])
 5 SYSTEMPATH\CodeIgniter.php(898): App\Controllers\DadosBancarios->index()
 6 SYSTEMPATH\CodeIgniter.php(457): CodeIgniter\CodeIgniter->runController(Object(App\Controllers\DadosBancarios))
 7 SYSTEMPATH\CodeIgniter.php(340): CodeIgniter\CodeIgniter->handleRequest(null, Object(Config\Cache), false)
 8 FCPATH\index.php(67): CodeIgniter\CodeIgniter->run()
 9 SYSTEMPATH\Commands\Server\rewrite.php(43): require_once('FCPATH\\index.php')
CRITICAL - 2022-08-26 19:05:53 --> Cannot use object of type mysqli as array
in APPPATH\Views\dadosBancarios\index.php on line 61.
 1 SYSTEMPATH\View\View.php(213): include()
 2 SYSTEMPATH\View\View.php(216): CodeIgniter\View\View->CodeIgniter\View\{closure}()
 3 SYSTEMPATH\Common.php(1137): CodeIgniter\View\View->render('dadosBancarios/index', [], true)
 4 APPPATH\Controllers\DadosBancarios.php(17): view('dadosBancarios/index', [...])
 5 SYSTEMPATH\CodeIgniter.php(898): App\Controllers\DadosBancarios->index()
 6 SYSTEMPATH\CodeIgniter.php(457): CodeIgniter\CodeIgniter->runController(Object(App\Controllers\DadosBancarios))
 7 SYSTEMPATH\CodeIgniter.php(340): CodeIgniter\CodeIgniter->handleRequest(null, Object(Config\Cache), false)
 8 FCPATH\index.php(67): CodeIgniter\CodeIgniter->run()
 9 SYSTEMPATH\Commands\Server\rewrite.php(43): require_once('FCPATH\\index.php')
CRITICAL - 2022-08-26 19:10:51 --> Undefined property: mysqli::$banco
in APPPATH\Views\dadosBancarios\index.php on line 61.
 1 APPPATH\Views\dadosBancarios\index.php(61): CodeIgniter\Debug\Exceptions->errorHandler(2, 'Undefined property: mysqli::$banco', 'APPPATH\\Views\\dadosBancarios\\index.php', 61)
 2 SYSTEMPATH\View\View.php(213): include('APPPATH\\Views\\dadosBancarios\\index.php')
 3 SYSTEMPATH\View\View.php(216): CodeIgniter\View\View->CodeIgniter\View\{closure}()
 4 SYSTEMPATH\Common.php(1137): CodeIgniter\View\View->render('dadosBancarios/index', [], true)
 5 APPPATH\Controllers\DadosBancarios.php(17): view('dadosBancarios/index', [...])
 6 SYSTEMPATH\CodeIgniter.php(898): App\Controllers\DadosBancarios->index()
 7 SYSTEMPATH\CodeIgniter.php(457): CodeIgniter\CodeIgniter->runController(Object(App\Controllers\DadosBancarios))
 8 SYSTEMPATH\CodeIgniter.php(340): CodeIgniter\CodeIgniter->handleRequest(null, Object(Config\Cache), false)
 9 FCPATH\index.php(67): CodeIgniter\CodeIgniter->run()
10 SYSTEMPATH\Commands\Server\rewrite.php(43): require_once('FCPATH\\index.php')
CRITICAL - 2022-08-26 19:15:34 --> Cannot use object of type stdClass as array
in APPPATH\Views\dadosBancarios\index.php on line 61.
 1 SYSTEMPATH\View\View.php(213): include()
 2 SYSTEMPATH\View\View.php(216): CodeIgniter\View\View->CodeIgniter\View\{closure}()
 3 SYSTEMPATH\Common.php(1137): CodeIgniter\View\View->render('dadosBancarios/index', [], true)
 4 APPPATH\Controllers\DadosBancarios.php(17): view('dadosBancarios/index', [...])
 5 SYSTEMPATH\CodeIgniter.php(898): App\Controllers\DadosBancarios->index()
 6 SYSTEMPATH\CodeIgniter.php(457): CodeIgniter\CodeIgniter->runController(Object(App\Controllers\DadosBancarios))
 7 SYSTEMPATH\CodeIgniter.php(340): CodeIgniter\CodeIgniter->handleRequest(null, Object(Config\Cache), false)
 8 FCPATH\index.php(67): CodeIgniter\CodeIgniter->run()
 9 SYSTEMPATH\Commands\Server\rewrite.php(43): require_once('FCPATH\\index.php')
CRITICAL - 2022-08-26 19:15:53 --> Cannot use object of type stdClass as array
in APPPATH\Views\dadosBancarios\index.php on line 62.
 1 SYSTEMPATH\View\View.php(213): include()
 2 SYSTEMPATH\View\View.php(216): CodeIgniter\View\View->CodeIgniter\View\{closure}()
 3 SYSTEMPATH\Common.php(1137): CodeIgniter\View\View->render('dadosBancarios/index', [], true)
 4 APPPATH\Controllers\DadosBancarios.php(17): view('dadosBancarios/index', [...])
 5 SYSTEMPATH\CodeIgniter.php(898): App\Controllers\DadosBancarios->index()
 6 SYSTEMPATH\CodeIgniter.php(457): CodeIgniter\CodeIgniter->runController(Object(App\Controllers\DadosBancarios))
 7 SYSTEMPATH\CodeIgniter.php(340): CodeIgniter\CodeIgniter->handleRequest(null, Object(Config\Cache), false)
 8 FCPATH\index.php(67): CodeIgniter\CodeIgniter->run()
 9 SYSTEMPATH\Commands\Server\rewrite.php(43): require_once('FCPATH\\index.php')
CRITICAL - 2022-08-26 20:42:11 --> Undefined variable $dadosBancarios
in APPPATH\Views\dadosBancarios\index.php on line 61.
 1 APPPATH\Views\dadosBancarios\index.php(61): CodeIgniter\Debug\Exceptions->errorHandler(2, 'Undefined variable $dadosBancarios', 'APPPATH\\Views\\dadosBancarios\\index.php', 61)
 2 SYSTEMPATH\View\View.php(213): include('APPPATH\\Views\\dadosBancarios\\index.php')
 3 SYSTEMPATH\View\View.php(216): CodeIgniter\View\View->CodeIgniter\View\{closure}()
 4 SYSTEMPATH\Common.php(1137): CodeIgniter\View\View->render('dadosBancarios/index', [], true)
 5 APPPATH\Controllers\DadosBancarios.php(75): view('dadosBancarios/index', [...])
 6 SYSTEMPATH\CodeIgniter.php(898): App\Controllers\DadosBancarios->remove('1')
 7 SYSTEMPATH\CodeIgniter.php(457): CodeIgniter\CodeIgniter->runController(Object(App\Controllers\DadosBancarios))
 8 SYSTEMPATH\CodeIgniter.php(340): CodeIgniter\CodeIgniter->handleRequest(null, Object(Config\Cache), false)
 9 FCPATH\index.php(67): CodeIgniter\CodeIgniter->run()
10 SYSTEMPATH\Commands\Server\rewrite.php(43): require_once('FCPATH\\index.php')
CRITICAL - 2022-08-26 20:45:18 --> Undefined variable $dadosBancarios
in APPPATH\Views\dadosBancarios\index.php on line 61.
 1 APPPATH\Views\dadosBancarios\index.php(61): CodeIgniter\Debug\Exceptions->errorHandler(2, 'Undefined variable $dadosBancarios', 'APPPATH\\Views\\dadosBancarios\\index.php', 61)
 2 SYSTEMPATH\View\View.php(213): include('APPPATH\\Views\\dadosBancarios\\index.php')
 3 SYSTEMPATH\View\View.php(216): CodeIgniter\View\View->CodeIgniter\View\{closure}()
 4 SYSTEMPATH\Common.php(1137): CodeIgniter\View\View->render('dadosBancarios/index', [], true)
 5 APPPATH\Controllers\DadosBancarios.php(77): view('dadosBancarios/index', [...])
 6 SYSTEMPATH\CodeIgniter.php(898): App\Controllers\DadosBancarios->remove('1')
 7 SYSTEMPATH\CodeIgniter.php(457): CodeIgniter\CodeIgniter->runController(Object(App\Controllers\DadosBancarios))
 8 SYSTEMPATH\CodeIgniter.php(340): CodeIgniter\CodeIgniter->handleRequest(null, Object(Config\Cache), false)
 9 FCPATH\index.php(67): CodeIgniter\CodeIgniter->run()
10 SYSTEMPATH\Commands\Server\rewrite.php(43): require_once('FCPATH\\index.php')
CRITICAL - 2022-08-26 23:12:57 --> Undefined variable $dadosBancarios
in APPPATH\Views\dadosBancarios\index.php on line 61.
 1 APPPATH\Views\dadosBancarios\index.php(61): CodeIgniter\Debug\Exceptions->errorHandler(2, 'Undefined variable $dadosBancarios', 'APPPATH\\Views\\dadosBancarios\\index.php', 61)
 2 SYSTEMPATH\View\View.php(213): include('APPPATH\\Views\\dadosBancarios\\index.php')
 3 SYSTEMPATH\View\View.php(216): CodeIgniter\View\View->CodeIgniter\View\{closure}()
 4 SYSTEMPATH\Common.php(1137): CodeIgniter\View\View->render('dadosBancarios/index', [], true)
 5 APPPATH\Controllers\DadosBancarios.php(55): view('dadosBancarios/index', [...])
 6 SYSTEMPATH\CodeIgniter.php(898): App\Controllers\DadosBancarios->create()
 7 SYSTEMPATH\CodeIgniter.php(457): CodeIgniter\CodeIgniter->runController(Object(App\Controllers\DadosBancarios))
 8 SYSTEMPATH\CodeIgniter.php(340): CodeIgniter\CodeIgniter->handleRequest(null, Object(Config\Cache), false)
 9 FCPATH\index.php(67): CodeIgniter\CodeIgniter->run()
10 SYSTEMPATH\Commands\Server\rewrite.php(43): require_once('FCPATH\\index.php')
